{"/home/travis/build/npmtest/node-npmtest-apicache/test.js":{"path":"/home/travis/build/npmtest/node-npmtest-apicache/test.js","s":{"1":2,"2":2,"3":2,"4":2,"5":2,"6":2,"7":2,"8":1,"9":2,"10":2,"11":1,"12":1,"13":1,"14":1,"15":2,"16":2,"17":2,"18":2,"19":1,"20":1,"21":2,"22":2,"23":2,"24":1,"25":1,"26":1,"27":1,"28":1,"29":1,"30":1,"31":1,"32":1,"33":1,"34":1,"35":1,"36":1,"37":1,"38":1,"39":2,"40":2,"41":1,"42":2,"43":2,"44":1,"45":2,"46":2,"47":1,"48":2,"49":2,"50":1,"51":1,"52":1,"53":1,"54":1},"b":{"1":[2,1,1,1],"2":[1,1,1,1],"3":[1,1],"4":[1,1],"5":[1,1],"6":[1,1],"7":[1,1],"8":[1,1],"9":[1,1],"10":[1,1,1],"11":[1,1],"12":[1,1],"13":[1,1],"14":[1,1],"15":[1,1],"16":[1,1],"17":[1,1]},"f":{"1":2,"2":2,"3":2,"4":2,"5":2,"6":1,"7":1,"8":1,"9":2,"10":2,"11":2,"12":2,"13":1},"fnMap":{"1":{"name":"(anonymous_1)","line":12,"loc":{"start":{"line":12,"column":1},"end":{"line":12,"column":13}}},"2":{"name":"(anonymous_2)","line":19,"loc":{"start":{"line":19,"column":5},"end":{"line":19,"column":17}}},"3":{"name":"(anonymous_3)","line":23,"loc":{"start":{"line":23,"column":24},"end":{"line":23,"column":36}}},"4":{"name":"(anonymous_4)","line":61,"loc":{"start":{"line":61,"column":5},"end":{"line":61,"column":17}}},"5":{"name":"(anonymous_5)","line":82,"loc":{"start":{"line":82,"column":5},"end":{"line":82,"column":17}}},"6":{"name":"(anonymous_6)","line":91,"loc":{"start":{"line":91,"column":77},"end":{"line":94,"column":10}}},"7":{"name":"(anonymous_7)","line":112,"loc":{"start":{"line":112,"column":83},"end":{"line":115,"column":10}},"skip":true},"8":{"name":"(anonymous_8)","line":123,"loc":{"start":{"line":123,"column":77},"end":{"line":126,"column":10}},"skip":true},"9":{"name":"(anonymous_9)","line":139,"loc":{"start":{"line":139,"column":12},"end":{"line":139,"column":40}},"skip":true},"10":{"name":"(anonymous_10)","line":147,"loc":{"start":{"line":147,"column":77},"end":{"line":150,"column":10}},"skip":true},"11":{"name":"(anonymous_11)","line":158,"loc":{"start":{"line":158,"column":83},"end":{"line":161,"column":10}},"skip":true},"12":{"name":"(anonymous_12)","line":169,"loc":{"start":{"line":169,"column":79},"end":{"line":172,"column":10}},"skip":true},"13":{"name":"(anonymous_13)","line":180,"loc":{"start":{"line":180,"column":75},"end":{"line":183,"column":10}},"skip":true}},"statementMap":{"1":{"start":{"line":12,"column":0},"end":{"line":195,"column":5}},"2":{"start":{"line":14,"column":4},"end":{"line":14,"column":14}},"3":{"start":{"line":19,"column":4},"end":{"line":56,"column":9}},"4":{"start":{"line":21,"column":8},"end":{"line":21,"column":19}},"5":{"start":{"line":23,"column":8},"end":{"line":35,"column":13}},"6":{"start":{"line":24,"column":12},"end":{"line":34,"column":13}},"7":{"start":{"line":25,"column":16},"end":{"line":28,"column":30}},"8":{"start":{"line":30,"column":16},"end":{"line":33,"column":27}},"9":{"start":{"line":37,"column":8},"end":{"line":39,"column":21}},"10":{"start":{"line":40,"column":8},"end":{"line":53,"column":9}},"11":{"start":{"line":43,"column":12},"end":{"line":46,"column":14}},"12":{"start":{"line":47,"column":12},"end":{"line":47,"column":18}},"13":{"start":{"line":50,"column":12},"end":{"line":51,"column":33}},"14":{"start":{"line":52,"column":12},"end":{"line":52,"column":18}},"15":{"start":{"line":55,"column":8},"end":{"line":55,"column":35}},"16":{"start":{"line":61,"column":4},"end":{"line":63,"column":9}},"17":{"start":{"line":62,"column":8},"end":{"line":62,"column":15}},"18":{"start":{"line":64,"column":4},"end":{"line":77,"column":5}},"19":{"start":{"line":70,"column":8},"end":{"line":70,"column":14}},"20":{"start":{"line":76,"column":8},"end":{"line":76,"column":14}},"21":{"start":{"line":82,"column":4},"end":{"line":84,"column":9}},"22":{"start":{"line":83,"column":8},"end":{"line":83,"column":15}},"23":{"start":{"line":85,"column":4},"end":{"line":194,"column":5}},"24":{"start":{"line":91,"column":8},"end":{"line":99,"column":10}},"25":{"start":{"line":98,"column":12},"end":{"line":98,"column":35}},"26":{"start":{"line":102,"column":8},"end":{"line":104,"column":63}},"27":{"start":{"line":105,"column":8},"end":{"line":105,"column":14}},"28":{"start":{"line":112,"column":8},"end":{"line":121,"column":10},"skip":true},"29":{"start":{"line":119,"column":12},"end":{"line":119,"column":55},"skip":true},"30":{"start":{"line":120,"column":12},"end":{"line":120,"column":48},"skip":true},"31":{"start":{"line":123,"column":8},"end":{"line":136,"column":10},"skip":true},"32":{"start":{"line":130,"column":12},"end":{"line":130,"column":76},"skip":true},"33":{"start":{"line":131,"column":12},"end":{"line":131,"column":73},"skip":true},"34":{"start":{"line":132,"column":12},"end":{"line":132,"column":74},"skip":true},"35":{"start":{"line":133,"column":12},"end":{"line":133,"column":79},"skip":true},"36":{"start":{"line":134,"column":12},"end":{"line":134,"column":25},"skip":true},"37":{"start":{"line":135,"column":12},"end":{"line":135,"column":45},"skip":true},"38":{"start":{"line":138,"column":8},"end":{"line":145,"column":14},"skip":true},"39":{"start":{"line":143,"column":16},"end":{"line":143,"column":29},"skip":true},"40":{"start":{"line":144,"column":16},"end":{"line":144,"column":55},"skip":true},"41":{"start":{"line":147,"column":8},"end":{"line":156,"column":10},"skip":true},"42":{"start":{"line":154,"column":12},"end":{"line":154,"column":25},"skip":true},"43":{"start":{"line":155,"column":12},"end":{"line":155,"column":45},"skip":true},"44":{"start":{"line":158,"column":8},"end":{"line":167,"column":10},"skip":true},"45":{"start":{"line":165,"column":12},"end":{"line":165,"column":25},"skip":true},"46":{"start":{"line":166,"column":12},"end":{"line":166,"column":48},"skip":true},"47":{"start":{"line":169,"column":8},"end":{"line":178,"column":10},"skip":true},"48":{"start":{"line":176,"column":12},"end":{"line":176,"column":25},"skip":true},"49":{"start":{"line":177,"column":12},"end":{"line":177,"column":46},"skip":true},"50":{"start":{"line":180,"column":8},"end":{"line":189,"column":10},"skip":true},"51":{"start":{"line":187,"column":12},"end":{"line":187,"column":94},"skip":true},"52":{"start":{"line":188,"column":12},"end":{"line":188,"column":48},"skip":true},"53":{"start":{"line":192,"column":8},"end":{"line":192,"column":35},"skip":true},"54":{"start":{"line":193,"column":8},"end":{"line":193,"column":14},"skip":true}},"branchMap":{"1":{"line":25,"type":"binary-expr","locations":[{"start":{"line":25,"column":23},"end":{"line":25,"column":62}},{"start":{"line":26,"column":20},"end":{"line":26,"column":70}},{"start":{"line":27,"column":20},"end":{"line":27,"column":71}},{"start":{"line":28,"column":20},"end":{"line":28,"column":29}}]},"2":{"line":30,"type":"binary-expr","locations":[{"start":{"line":30,"column":23},"end":{"line":30,"column":37}},{"start":{"line":31,"column":20},"end":{"line":31,"column":61}},{"start":{"line":32,"column":20},"end":{"line":32,"column":70}},{"start":{"line":33,"column":20},"end":{"line":33,"column":26}}]},"3":{"line":37,"type":"cond-expr","locations":[{"start":{"line":38,"column":14},"end":{"line":38,"column":20}},{"start":{"line":39,"column":14},"end":{"line":39,"column":20}}]},"4":{"line":40,"type":"switch","locations":[{"start":{"line":42,"column":8},"end":{"line":47,"column":18}},{"start":{"line":49,"column":8},"end":{"line":52,"column":18}}]},"5":{"line":44,"type":"binary-expr","locations":[{"start":{"line":44,"column":16},"end":{"line":44,"column":44}},{"start":{"line":44,"column":48},"end":{"line":44,"column":66}}]},"6":{"line":50,"type":"binary-expr","locations":[{"start":{"line":50,"column":21},"end":{"line":50,"column":49}},{"start":{"line":50,"column":53},"end":{"line":50,"column":72}}]},"7":{"line":64,"type":"switch","locations":[{"start":{"line":69,"column":4},"end":{"line":70,"column":14}},{"start":{"line":75,"column":4},"end":{"line":76,"column":14}}]},"8":{"line":85,"type":"switch","locations":[{"start":{"line":90,"column":4},"end":{"line":105,"column":14}},{"start":{"line":111,"column":4},"end":{"line":193,"column":14},"skip":true}]},"9":{"line":91,"type":"binary-expr","locations":[{"start":{"line":91,"column":42},"end":{"line":91,"column":73}},{"start":{"line":91,"column":77},"end":{"line":99,"column":9}}]},"10":{"line":102,"type":"binary-expr","locations":[{"start":{"line":102,"column":18},"end":{"line":102,"column":32}},{"start":{"line":103,"column":12},"end":{"line":103,"column":53}},{"start":{"line":104,"column":12},"end":{"line":104,"column":61}}]},"11":{"line":112,"type":"binary-expr","locations":[{"start":{"line":112,"column":45},"end":{"line":112,"column":79},"skip":true},{"start":{"line":112,"column":83},"end":{"line":121,"column":9},"skip":true}]},"12":{"line":123,"type":"binary-expr","locations":[{"start":{"line":123,"column":42},"end":{"line":123,"column":73},"skip":true},{"start":{"line":123,"column":77},"end":{"line":136,"column":9},"skip":true}]},"13":{"line":138,"type":"binary-expr","locations":[{"start":{"line":138,"column":48},"end":{"line":138,"column":85},"skip":true},{"start":{"line":139,"column":12},"end":{"line":145,"column":13},"skip":true}]},"14":{"line":147,"type":"binary-expr","locations":[{"start":{"line":147,"column":42},"end":{"line":147,"column":73},"skip":true},{"start":{"line":147,"column":77},"end":{"line":156,"column":9},"skip":true}]},"15":{"line":158,"type":"binary-expr","locations":[{"start":{"line":158,"column":45},"end":{"line":158,"column":79},"skip":true},{"start":{"line":158,"column":83},"end":{"line":167,"column":9},"skip":true}]},"16":{"line":169,"type":"binary-expr","locations":[{"start":{"line":169,"column":43},"end":{"line":169,"column":75},"skip":true},{"start":{"line":169,"column":79},"end":{"line":178,"column":9},"skip":true}]},"17":{"line":180,"type":"binary-expr","locations":[{"start":{"line":180,"column":41},"end":{"line":180,"column":71},"skip":true},{"start":{"line":180,"column":75},"end":{"line":189,"column":9},"skip":true}]}},"code":["/* istanbul instrument in package npmtest_apicache */","/*jslint","    bitwise: true,","    browser: true,","    maxerr: 8,","    maxlen: 96,","    node: true,","    nomen: true,","    regexp: true,","    stupid: true","*/","(function () {","    'use strict';","    var local;","","","","    // run shared js-env code - init-before","    (function () {","        // init local","        local = {};","        // init modeJs","        local.modeJs = (function () {","            try {","                return typeof navigator.userAgent === 'string' &&","                    typeof document.querySelector('body') === 'object' &&","                    typeof XMLHttpRequest.prototype.open === 'function' &&","                    'browser';","            } catch (errorCaughtBrowser) {","                return module.exports &&","                    typeof process.versions.node === 'string' &&","                    typeof require('http').createServer === 'function' &&","                    'node';","            }","        }());","        // init global","        local.global = local.modeJs === 'browser'","            ? window","            : global;","        switch (local.modeJs) {","        // re-init local from window.local","        case 'browser':","            local = local.global.utility2.objectSetDefault(","                local.global.utility2_rollup || local.global.local,","                local.global.utility2","            );","            break;","        // re-init local from example.js","        case 'node':","            local = (local.global.utility2_rollup || require('utility2'))","                .requireReadme();","            break;","        }","        // export local","        local.global.local = local;","    }());","","","","    // run shared js-env code - function","    (function () {","        return;","    }());","    switch (local.modeJs) {","","","","    // run browser js-env code - function","    case 'browser':","        break;","","","","    // run node js-env code - function","    case 'node':","        break;","    }","","","","    // run shared js-env code - init-after","    (function () {","        return;","    }());","    switch (local.modeJs) {","","","","    // run browser js-env code - init-after","    case 'browser':","        local.testCase_browser_nullCase = local.testCase_browser_nullCase || function (","            options,","            onError","        ) {","        /*","         * this function will test browsers's null-case handling-behavior-behavior","         */","            onError(null, options);","        };","","        // run tests","        local.nop(local.modeTest &&","            document.querySelector('#testRunButton1') &&","            document.querySelector('#testRunButton1').click());","        break;","","","","    // run node js-env code - init-after","    /* istanbul ignore next */","    case 'node':","        local.testCase_buildApidoc_default = local.testCase_buildApidoc_default || function (","            options,","            onError","        ) {","        /*","         * this function will test buildApidoc's default handling-behavior-behavior","         */","            options = { modulePathList: module.paths };","            local.buildApidoc(options, onError);","        };","","        local.testCase_buildApp_default = local.testCase_buildApp_default || function (","            options,","            onError","        ) {","        /*","         * this function will test buildApp's default handling-behavior-behavior","         */","            local.testCase_buildReadme_default(options, local.onErrorThrow);","            local.testCase_buildLib_default(options, local.onErrorThrow);","            local.testCase_buildTest_default(options, local.onErrorThrow);","            local.testCase_buildCustomOrg_default(options, local.onErrorThrow);","            options = [];","            local.buildApp(options, onError);","        };","","        local.testCase_buildCustomOrg_default = local.testCase_buildCustomOrg_default ||","            function (options, onError) {","            /*","             * this function will test buildCustomOrg's default handling-behavior","             */","                options = {};","                local.buildCustomOrg(options, onError);","            };","","        local.testCase_buildLib_default = local.testCase_buildLib_default || function (","            options,","            onError","        ) {","        /*","         * this function will test buildLib's default handling-behavior","         */","            options = {};","            local.buildLib(options, onError);","        };","","        local.testCase_buildReadme_default = local.testCase_buildReadme_default || function (","            options,","            onError","        ) {","        /*","         * this function will test buildReadme's default handling-behavior-behavior","         */","            options = {};","            local.buildReadme(options, onError);","        };","","        local.testCase_buildTest_default = local.testCase_buildTest_default || function (","            options,","            onError","        ) {","        /*","         * this function will test buildTest's default handling-behavior","         */","            options = {};","            local.buildTest(options, onError);","        };","","        local.testCase_webpage_default = local.testCase_webpage_default || function (","            options,","            onError","        ) {","        /*","         * this function will test webpage's default handling-behavior","         */","            options = { modeCoverageMerge: true, url: local.serverLocalHost + '?modeTest=1' };","            local.browserTest(options, onError);","        };","","        // run test-server","        local.testRunServer(local);","        break;","    }","}());",""],"l":{"12":2,"14":2,"19":2,"21":2,"23":2,"24":2,"25":2,"30":1,"37":2,"40":2,"43":1,"47":1,"50":1,"52":1,"55":2,"61":2,"62":2,"64":2,"70":1,"76":1,"82":2,"83":2,"85":2,"91":1,"98":1,"102":1,"105":1,"112":1,"119":1,"120":1,"123":1,"130":1,"131":1,"132":1,"133":1,"134":1,"135":1,"138":1,"143":2,"144":2,"147":1,"154":2,"155":2,"158":1,"165":2,"166":2,"169":1,"176":2,"177":2,"180":1,"187":1,"188":1,"192":1,"193":1}},"/home/travis/build/npmtest/node-npmtest-apicache/lib.npmtest_apicache.js":{"path":"/home/travis/build/npmtest/node-npmtest-apicache/lib.npmtest_apicache.js","s":{"1":2,"2":2,"3":2,"4":2,"5":2,"6":2,"7":2,"8":1,"9":2,"10":2,"11":2,"12":2,"13":1,"14":1,"15":1,"16":1},"b":{"1":[2,1,1,1],"2":[1,1,1,1],"3":[1,1],"4":[2,2],"5":[1,1]},"f":{"1":2,"2":2,"3":2},"fnMap":{"1":{"name":"(anonymous_1)","line":12,"loc":{"start":{"line":12,"column":1},"end":{"line":12,"column":13}}},"2":{"name":"(anonymous_2)","line":19,"loc":{"start":{"line":19,"column":5},"end":{"line":19,"column":17}}},"3":{"name":"(anonymous_3)","line":23,"loc":{"start":{"line":23,"column":24},"end":{"line":23,"column":36}}}},"statementMap":{"1":{"start":{"line":12,"column":0},"end":{"line":53,"column":5}},"2":{"start":{"line":14,"column":4},"end":{"line":14,"column":14}},"3":{"start":{"line":19,"column":4},"end":{"line":52,"column":9}},"4":{"start":{"line":21,"column":8},"end":{"line":21,"column":19}},"5":{"start":{"line":23,"column":8},"end":{"line":35,"column":13}},"6":{"start":{"line":24,"column":12},"end":{"line":34,"column":13}},"7":{"start":{"line":25,"column":16},"end":{"line":28,"column":30}},"8":{"start":{"line":30,"column":16},"end":{"line":33,"column":27}},"9":{"start":{"line":37,"column":8},"end":{"line":39,"column":21}},"10":{"start":{"line":41,"column":8},"end":{"line":41,"column":54}},"11":{"start":{"line":43,"column":8},"end":{"line":43,"column":53}},"12":{"start":{"line":45,"column":8},"end":{"line":51,"column":9}},"13":{"start":{"line":46,"column":12},"end":{"line":46,"column":59}},"14":{"start":{"line":48,"column":12},"end":{"line":48,"column":35}},"15":{"start":{"line":49,"column":12},"end":{"line":49,"column":49}},"16":{"start":{"line":50,"column":12},"end":{"line":50,"column":43}}},"branchMap":{"1":{"line":25,"type":"binary-expr","locations":[{"start":{"line":25,"column":23},"end":{"line":25,"column":62}},{"start":{"line":26,"column":20},"end":{"line":26,"column":70}},{"start":{"line":27,"column":20},"end":{"line":27,"column":71}},{"start":{"line":28,"column":20},"end":{"line":28,"column":29}}]},"2":{"line":30,"type":"binary-expr","locations":[{"start":{"line":30,"column":23},"end":{"line":30,"column":37}},{"start":{"line":31,"column":20},"end":{"line":31,"column":61}},{"start":{"line":32,"column":20},"end":{"line":32,"column":70}},{"start":{"line":33,"column":20},"end":{"line":33,"column":26}}]},"3":{"line":37,"type":"cond-expr","locations":[{"start":{"line":38,"column":14},"end":{"line":38,"column":20}},{"start":{"line":39,"column":14},"end":{"line":39,"column":20}}]},"4":{"line":41,"type":"binary-expr","locations":[{"start":{"line":41,"column":16},"end":{"line":41,"column":44}},{"start":{"line":41,"column":48},"end":{"line":41,"column":53}}]},"5":{"line":45,"type":"if","locations":[{"start":{"line":45,"column":8},"end":{"line":45,"column":8}},{"start":{"line":45,"column":8},"end":{"line":45,"column":8}}]}},"code":["/* istanbul instrument in package npmtest_apicache */","/*jslint","    bitwise: true,","    browser: true,","    maxerr: 8,","    maxlen: 96,","    node: true,","    nomen: true,","    regexp: true,","    stupid: true","*/","(function () {","    'use strict';","    var local;","","","","    // run shared js-env code - init-before","    (function () {","        // init local","        local = {};","        // init modeJs","        local.modeJs = (function () {","            try {","                return typeof navigator.userAgent === 'string' &&","                    typeof document.querySelector('body') === 'object' &&","                    typeof XMLHttpRequest.prototype.open === 'function' &&","                    'browser';","            } catch (errorCaughtBrowser) {","                return module.exports &&","                    typeof process.versions.node === 'string' &&","                    typeof require('http').createServer === 'function' &&","                    'node';","            }","        }());","        // init global","        local.global = local.modeJs === 'browser'","            ? window","            : global;","        // init utility2_rollup","        local = local.global.utility2_rollup || local;","        // init lib","        local.local = local.npmtest_apicache = local;","        // init exports","        if (local.modeJs === 'browser') {","            local.global.utility2_npmtest_apicache = local;","        } else {","            module.exports = local;","            module.exports.__dirname = __dirname;","            module.exports.module = module;","        }","    }());","}());",""],"l":{"12":2,"14":2,"19":2,"21":2,"23":2,"24":2,"25":2,"30":1,"37":2,"41":2,"43":2,"45":2,"46":1,"48":1,"49":1,"50":1}},"/home/travis/build/npmtest/node-npmtest-apicache/example.js":{"path":"/home/travis/build/npmtest/node-npmtest-apicache/example.js","s":{"1":2,"2":2,"3":2,"4":2,"5":2,"6":2,"7":2,"8":1,"9":2,"10":2,"11":2,"12":2,"13":1,"14":2,"15":2,"16":2,"17":2,"18":2,"19":0,"20":2,"21":1,"22":1,"23":1,"24":1,"25":1,"26":0,"27":0,"28":1,"29":1,"30":2,"31":0,"32":0,"33":0,"34":1,"35":2,"36":2,"37":3,"38":3,"39":3,"40":3,"41":0,"42":3,"43":3,"44":3,"45":1,"46":3,"47":1,"48":1,"49":1,"50":1,"51":1,"52":1,"53":1,"54":1,"55":1,"56":1,"57":0,"58":1,"59":6,"60":6,"61":1,"62":2,"63":0,"64":2,"65":1,"66":1,"67":0,"68":0,"69":0,"70":0,"71":0,"72":0,"73":0,"74":0,"75":0,"76":0,"77":0,"78":0,"79":0,"80":0,"81":0,"82":0,"83":0},"b":{"1":[2,1,1,1],"2":[1,1,1,1],"3":[1,1],"4":[2,2],"5":[1,1],"6":[1,1],"7":[2,0],"8":[2,1,1,1,1,1],"9":[0,2,0],"10":[1,1],"11":[2,1,1],"12":[1,0],"13":[0,2],"14":[2,0,0,0,0,0,0],"15":[0,3],"16":[3,0],"17":[1,1],"18":[0,1],"19":[1,2,0,2],"20":[1,0],"21":[1,1],"22":[0,0],"23":[0,0],"24":[0,0],"25":[0,0],"26":[0,0],"27":[0,0],"28":[0,0]},"f":{"1":2,"2":2,"3":2,"4":2,"5":2,"6":2,"7":3,"8":3,"9":3,"10":1,"11":6,"12":0},"fnMap":{"1":{"name":"(anonymous_1)","line":26,"loc":{"start":{"line":26,"column":1},"end":{"line":26,"column":13}}},"2":{"name":"(anonymous_2)","line":33,"loc":{"start":{"line":33,"column":5},"end":{"line":33,"column":17}}},"3":{"name":"(anonymous_3)","line":37,"loc":{"start":{"line":37,"column":24},"end":{"line":37,"column":36}}},"4":{"name":"(anonymous_4)","line":69,"loc":{"start":{"line":69,"column":31},"end":{"line":69,"column":48}},"skip":true},"5":{"name":"(anonymous_5)","line":78,"loc":{"start":{"line":78,"column":26},"end":{"line":78,"column":45}},"skip":true},"6":{"name":"(anonymous_6)","line":123,"loc":{"start":{"line":123,"column":33},"end":{"line":123,"column":48}},"skip":true},"7":{"name":"(anonymous_7)","line":125,"loc":{"start":{"line":125,"column":27},"end":{"line":125,"column":39}},"skip":true},"8":{"name":"(anonymous_8)","line":133,"loc":{"start":{"line":133,"column":59},"end":{"line":133,"column":74}},"skip":true},"9":{"name":"(anonymous_9)","line":143,"loc":{"start":{"line":143,"column":45},"end":{"line":143,"column":62}},"skip":true},"10":{"name":"(anonymous_10)","line":144,"loc":{"start":{"line":144,"column":73},"end":{"line":144,"column":92}},"skip":true},"11":{"name":"(anonymous_11)","line":272,"loc":{"start":{"line":272,"column":51},"end":{"line":272,"column":77}},"skip":true},"12":{"name":"(anonymous_12)","line":315,"loc":{"start":{"line":315,"column":32},"end":{"line":315,"column":61}},"skip":true}},"statementMap":{"1":{"start":{"line":26,"column":0},"end":{"line":326,"column":5}},"2":{"start":{"line":28,"column":4},"end":{"line":28,"column":14}},"3":{"start":{"line":33,"column":4},"end":{"line":60,"column":9}},"4":{"start":{"line":35,"column":8},"end":{"line":35,"column":19}},"5":{"start":{"line":37,"column":8},"end":{"line":49,"column":13}},"6":{"start":{"line":38,"column":12},"end":{"line":48,"column":13}},"7":{"start":{"line":39,"column":16},"end":{"line":42,"column":30}},"8":{"start":{"line":44,"column":16},"end":{"line":47,"column":27}},"9":{"start":{"line":51,"column":8},"end":{"line":53,"column":21}},"10":{"start":{"line":55,"column":8},"end":{"line":57,"column":45}},"11":{"start":{"line":59,"column":8},"end":{"line":59,"column":35}},"12":{"start":{"line":61,"column":4},"end":{"line":325,"column":5}},"13":{"start":{"line":69,"column":8},"end":{"line":121,"column":10},"skip":true},"14":{"start":{"line":70,"column":12},"end":{"line":88,"column":13},"skip":true},"15":{"start":{"line":76,"column":16},"end":{"line":87,"column":19},"skip":true},"16":{"start":{"line":79,"column":20},"end":{"line":86,"column":21},"skip":true},"17":{"start":{"line":82,"column":24},"end":{"line":82,"column":43},"skip":true},"18":{"start":{"line":83,"column":24},"end":{"line":83,"column":30},"skip":true},"19":{"start":{"line":85,"column":24},"end":{"line":85,"column":49},"skip":true},"20":{"start":{"line":89,"column":12},"end":{"line":107,"column":13},"skip":true},"21":{"start":{"line":92,"column":16},"end":{"line":102,"column":17},"skip":true},"22":{"start":{"line":93,"column":20},"end":{"line":93,"column":86},"skip":true},"23":{"start":{"line":94,"column":20},"end":{"line":95,"column":45},"skip":true},"24":{"start":{"line":96,"column":20},"end":{"line":96,"column":42},"skip":true},"25":{"start":{"line":97,"column":20},"end":{"line":97,"column":48},"skip":true},"26":{"start":{"line":100,"column":20},"end":{"line":100,"column":85},"skip":true},"27":{"start":{"line":101,"column":20},"end":{"line":101,"column":96},"skip":true},"28":{"start":{"line":103,"column":16},"end":{"line":103,"column":22},"skip":true},"29":{"start":{"line":106,"column":16},"end":{"line":106,"column":22},"skip":true},"30":{"start":{"line":108,"column":12},"end":{"line":120,"column":13},"skip":true},"31":{"start":{"line":114,"column":16},"end":{"line":119,"column":17},"skip":true},"32":{"start":{"line":116,"column":20},"end":{"line":116,"column":78},"skip":true},"33":{"start":{"line":118,"column":20},"end":{"line":118,"column":47},"skip":true},"34":{"start":{"line":123,"column":8},"end":{"line":141,"column":11},"skip":true},"35":{"start":{"line":124,"column":12},"end":{"line":124,"column":54},"skip":true},"36":{"start":{"line":125,"column":12},"end":{"line":140,"column":14},"skip":true},"37":{"start":{"line":126,"column":16},"end":{"line":126,"column":28},"skip":true},"38":{"start":{"line":127,"column":16},"end":{"line":127,"column":69},"skip":true},"39":{"start":{"line":128,"column":16},"end":{"line":128,"column":75},"skip":true},"40":{"start":{"line":129,"column":16},"end":{"line":131,"column":17},"skip":true},"41":{"start":{"line":130,"column":20},"end":{"line":130,"column":27},"skip":true},"42":{"start":{"line":133,"column":16},"end":{"line":137,"column":36},"skip":true},"43":{"start":{"line":134,"column":20},"end":{"line":136,"column":55},"skip":true},"44":{"start":{"line":139,"column":16},"end":{"line":139,"column":57},"skip":true},"45":{"start":{"line":143,"column":8},"end":{"line":147,"column":11},"skip":true},"46":{"start":{"line":144,"column":12},"end":{"line":146,"column":15},"skip":true},"47":{"start":{"line":145,"column":16},"end":{"line":145,"column":70},"skip":true},"48":{"start":{"line":149,"column":8},"end":{"line":149,"column":31},"skip":true},"49":{"start":{"line":150,"column":8},"end":{"line":150,"column":14},"skip":true},"50":{"start":{"line":158,"column":8},"end":{"line":158,"column":31},"skip":true},"51":{"start":{"line":160,"column":8},"end":{"line":160,"column":33},"skip":true},"52":{"start":{"line":161,"column":8},"end":{"line":161,"column":37},"skip":true},"53":{"start":{"line":162,"column":8},"end":{"line":162,"column":35},"skip":true},"54":{"start":{"line":164,"column":8},"end":{"line":164,"column":50},"skip":true},"55":{"start":{"line":166,"column":8},"end":{"line":256,"column":2},"skip":true},"56":{"start":{"line":258,"column":8},"end":{"line":286,"column":9},"skip":true},"57":{"start":{"line":259,"column":12},"end":{"line":269,"column":14},"skip":true},"58":{"start":{"line":271,"column":12},"end":{"line":285,"column":19},"skip":true},"59":{"start":{"line":274,"column":20},"end":{"line":274,"column":35},"skip":true},"60":{"start":{"line":275,"column":20},"end":{"line":284,"column":21},"skip":true},"61":{"start":{"line":277,"column":24},"end":{"line":277,"column":64},"skip":true},"62":{"start":{"line":279,"column":24},"end":{"line":279,"column":40},"skip":true},"63":{"start":{"line":281,"column":24},"end":{"line":281,"column":40},"skip":true},"64":{"start":{"line":283,"column":24},"end":{"line":283,"column":39},"skip":true},"65":{"start":{"line":288,"column":8},"end":{"line":290,"column":9},"skip":true},"66":{"start":{"line":289,"column":12},"end":{"line":289,"column":18},"skip":true},"67":{"start":{"line":291,"column":8},"end":{"line":293,"column":54},"skip":true},"68":{"start":{"line":296,"column":8},"end":{"line":301,"column":37},"skip":true},"69":{"start":{"line":303,"column":8},"end":{"line":303,"column":82},"skip":true},"70":{"start":{"line":306,"column":8},"end":{"line":308,"column":9},"skip":true},"71":{"start":{"line":307,"column":12},"end":{"line":307,"column":82},"skip":true},"72":{"start":{"line":310,"column":8},"end":{"line":312,"column":9},"skip":true},"73":{"start":{"line":311,"column":12},"end":{"line":311,"column":18},"skip":true},"74":{"start":{"line":313,"column":8},"end":{"line":313,"column":54},"skip":true},"75":{"start":{"line":314,"column":8},"end":{"line":314,"column":69},"skip":true},"76":{"start":{"line":315,"column":8},"end":{"line":323,"column":36},"skip":true},"77":{"start":{"line":316,"column":12},"end":{"line":316,"column":61},"skip":true},"78":{"start":{"line":317,"column":12},"end":{"line":320,"column":13},"skip":true},"79":{"start":{"line":318,"column":16},"end":{"line":318,"column":75},"skip":true},"80":{"start":{"line":319,"column":16},"end":{"line":319,"column":23},"skip":true},"81":{"start":{"line":321,"column":12},"end":{"line":321,"column":38},"skip":true},"82":{"start":{"line":322,"column":12},"end":{"line":322,"column":27},"skip":true},"83":{"start":{"line":324,"column":8},"end":{"line":324,"column":14},"skip":true}},"branchMap":{"1":{"line":39,"type":"binary-expr","locations":[{"start":{"line":39,"column":23},"end":{"line":39,"column":62}},{"start":{"line":40,"column":20},"end":{"line":40,"column":70}},{"start":{"line":41,"column":20},"end":{"line":41,"column":71}},{"start":{"line":42,"column":20},"end":{"line":42,"column":29}}]},"2":{"line":44,"type":"binary-expr","locations":[{"start":{"line":44,"column":23},"end":{"line":44,"column":37}},{"start":{"line":45,"column":20},"end":{"line":45,"column":61}},{"start":{"line":46,"column":20},"end":{"line":46,"column":70}},{"start":{"line":47,"column":20},"end":{"line":47,"column":26}}]},"3":{"line":51,"type":"cond-expr","locations":[{"start":{"line":52,"column":14},"end":{"line":52,"column":20}},{"start":{"line":53,"column":14},"end":{"line":53,"column":20}}]},"4":{"line":55,"type":"binary-expr","locations":[{"start":{"line":55,"column":16},"end":{"line":55,"column":44}},{"start":{"line":55,"column":49},"end":{"line":57,"column":43}}]},"5":{"line":55,"type":"cond-expr","locations":[{"start":{"line":56,"column":14},"end":{"line":56,"column":52}},{"start":{"line":57,"column":14},"end":{"line":57,"column":43}}]},"6":{"line":61,"type":"switch","locations":[{"start":{"line":68,"column":4},"end":{"line":150,"column":14},"skip":true},{"start":{"line":156,"column":4},"end":{"line":324,"column":14},"skip":true}]},"7":{"line":70,"type":"if","locations":[{"start":{"line":70,"column":12},"end":{"line":70,"column":12},"skip":true},{"start":{"line":70,"column":12},"end":{"line":70,"column":12},"skip":true}]},"8":{"line":70,"type":"binary-expr","locations":[{"start":{"line":70,"column":16},"end":{"line":70,"column":22},"skip":true},{"start":{"line":70,"column":27},"end":{"line":70,"column":32},"skip":true},{"start":{"line":71,"column":20},"end":{"line":71,"column":39},"skip":true},{"start":{"line":72,"column":20},"end":{"line":72,"column":49},"skip":true},{"start":{"line":73,"column":20},"end":{"line":73,"column":58},"skip":true},{"start":{"line":74,"column":20},"end":{"line":74,"column":69},"skip":true}]},"9":{"line":79,"type":"switch","locations":[{"start":{"line":80,"column":20},"end":{"line":80,"column":33},"skip":true},{"start":{"line":81,"column":20},"end":{"line":83,"column":30},"skip":true},{"start":{"line":84,"column":20},"end":{"line":85,"column":49},"skip":true}]},"10":{"line":89,"type":"switch","locations":[{"start":{"line":90,"column":12},"end":{"line":103,"column":22},"skip":true},{"start":{"line":105,"column":12},"end":{"line":106,"column":22},"skip":true}]},"11":{"line":89,"type":"binary-expr","locations":[{"start":{"line":89,"column":20},"end":{"line":89,"column":25},"skip":true},{"start":{"line":89,"column":29},"end":{"line":89,"column":48},"skip":true},{"start":{"line":89,"column":52},"end":{"line":89,"column":74},"skip":true}]},"12":{"line":92,"type":"if","locations":[{"start":{"line":92,"column":16},"end":{"line":92,"column":16},"skip":true},{"start":{"line":92,"column":16},"end":{"line":92,"column":16},"skip":true}]},"13":{"line":108,"type":"if","locations":[{"start":{"line":108,"column":12},"end":{"line":108,"column":12},"skip":true},{"start":{"line":108,"column":12},"end":{"line":108,"column":12},"skip":true}]},"14":{"line":108,"type":"binary-expr","locations":[{"start":{"line":108,"column":16},"end":{"line":108,"column":61},"skip":true},{"start":{"line":108,"column":66},"end":{"line":108,"column":72},"skip":true},{"start":{"line":108,"column":77},"end":{"line":108,"column":82},"skip":true},{"start":{"line":109,"column":20},"end":{"line":109,"column":39},"skip":true},{"start":{"line":110,"column":20},"end":{"line":110,"column":49},"skip":true},{"start":{"line":111,"column":20},"end":{"line":111,"column":58},"skip":true},{"start":{"line":112,"column":20},"end":{"line":112,"column":68},"skip":true}]},"15":{"line":129,"type":"if","locations":[{"start":{"line":129,"column":16},"end":{"line":129,"column":16},"skip":true},{"start":{"line":129,"column":16},"end":{"line":129,"column":16},"skip":true}]},"16":{"line":134,"type":"cond-expr","locations":[{"start":{"line":135,"column":26},"end":{"line":135,"column":29},"skip":true},{"start":{"line":136,"column":26},"end":{"line":136,"column":54},"skip":true}]},"17":{"line":164,"type":"binary-expr","locations":[{"start":{"line":164,"column":27},"end":{"line":164,"column":43},"skip":true},{"start":{"line":164,"column":47},"end":{"line":164,"column":49},"skip":true}]},"18":{"line":258,"type":"if","locations":[{"start":{"line":258,"column":8},"end":{"line":258,"column":8},"skip":true},{"start":{"line":258,"column":8},"end":{"line":258,"column":8},"skip":true}]},"19":{"line":275,"type":"switch","locations":[{"start":{"line":276,"column":20},"end":{"line":277,"column":64},"skip":true},{"start":{"line":278,"column":20},"end":{"line":279,"column":40},"skip":true},{"start":{"line":280,"column":20},"end":{"line":281,"column":40},"skip":true},{"start":{"line":282,"column":20},"end":{"line":283,"column":39},"skip":true}]},"20":{"line":288,"type":"if","locations":[{"start":{"line":288,"column":8},"end":{"line":288,"column":8},"skip":true},{"start":{"line":288,"column":8},"end":{"line":288,"column":8},"skip":true}]},"21":{"line":288,"type":"binary-expr","locations":[{"start":{"line":288,"column":12},"end":{"line":288,"column":40},"skip":true},{"start":{"line":288,"column":44},"end":{"line":288,"column":67},"skip":true}]},"22":{"line":292,"type":"binary-expr","locations":[{"start":{"line":292,"column":12},"end":{"line":292,"column":50},"skip":true},{"start":{"line":293,"column":12},"end":{"line":293,"column":53},"skip":true}]},"23":{"line":297,"type":"binary-expr","locations":[{"start":{"line":297,"column":12},"end":{"line":297,"column":66},"skip":true},{"start":{"line":298,"column":12},"end":{"line":301,"column":36},"skip":true}]},"24":{"line":303,"type":"binary-expr","locations":[{"start":{"line":303,"column":43},"end":{"line":303,"column":75},"skip":true},{"start":{"line":303,"column":79},"end":{"line":303,"column":81},"skip":true}]},"25":{"line":306,"type":"if","locations":[{"start":{"line":306,"column":8},"end":{"line":306,"column":8},"skip":true},{"start":{"line":306,"column":8},"end":{"line":306,"column":8},"skip":true}]},"26":{"line":310,"type":"if","locations":[{"start":{"line":310,"column":8},"end":{"line":310,"column":8},"skip":true},{"start":{"line":310,"column":8},"end":{"line":310,"column":8},"skip":true}]},"27":{"line":313,"type":"binary-expr","locations":[{"start":{"line":313,"column":27},"end":{"line":313,"column":43},"skip":true},{"start":{"line":313,"column":47},"end":{"line":313,"column":53},"skip":true}]},"28":{"line":317,"type":"if","locations":[{"start":{"line":317,"column":12},"end":{"line":317,"column":12},"skip":true},{"start":{"line":317,"column":12},"end":{"line":317,"column":12},"skip":true}]}},"code":["/*","example.js","","quickstart example","","instruction","    1. save this script as example.js","    2. run the shell command:","        $ npm install npmtest-apicache && PORT=8081 node example.js","    3. play with the browser-demo on http://127.0.0.1:8081","*/","","","","/* istanbul instrument in package npmtest_apicache */","/*jslint","    bitwise: true,","    browser: true,","    maxerr: 8,","    maxlen: 96,","    node: true,","    nomen: true,","    regexp: true,","    stupid: true","*/","(function () {","    'use strict';","    var local;","","","","    // run shared js-env code - init-before","    (function () {","        // init local","        local = {};","        // init modeJs","        local.modeJs = (function () {","            try {","                return typeof navigator.userAgent === 'string' &&","                    typeof document.querySelector('body') === 'object' &&","                    typeof XMLHttpRequest.prototype.open === 'function' &&","                    'browser';","            } catch (errorCaughtBrowser) {","                return module.exports &&","                    typeof process.versions.node === 'string' &&","                    typeof require('http').createServer === 'function' &&","                    'node';","            }","        }());","        // init global","        local.global = local.modeJs === 'browser'","            ? window","            : global;","        // init utility2_rollup","        local = local.global.utility2_rollup || (local.modeJs === 'browser'","            ? local.global.utility2_npmtest_apicache","            : global.utility2_moduleExports);","        // export local","        local.global.local = local;","    }());","    switch (local.modeJs) {","","","","    // init-after","    // run browser js-env code - init-after","    /* istanbul ignore next */","    case 'browser':","        local.testRunBrowser = function (event) {","            if (!event || (event &&","                    event.currentTarget &&","                    event.currentTarget.className &&","                    event.currentTarget.className.includes &&","                    event.currentTarget.className.includes('onreset'))) {","                // reset output","                Array.from(","                    document.querySelectorAll('body > .resettable')","                ).forEach(function (element) {","                    switch (element.tagName) {","                    case 'INPUT':","                    case 'TEXTAREA':","                        element.value = '';","                        break;","                    default:","                        element.textContent = '';","                    }","                });","            }","            switch (event && event.currentTarget && event.currentTarget.id) {","            case 'testRunButton1':","                // show tests","                if (document.querySelector('#testReportDiv1').style.display === 'none') {","                    document.querySelector('#testReportDiv1').style.display = 'block';","                    document.querySelector('#testRunButton1').textContent =","                        'hide internal test';","                    local.modeTest = true;","                    local.testRunDefault(local);","                // hide tests","                } else {","                    document.querySelector('#testReportDiv1').style.display = 'none';","                    document.querySelector('#testRunButton1').textContent = 'run internal test';","                }","                break;","            // custom-case","            default:","                break;","            }","            if (document.querySelector('#inputTextareaEval1') && (!event || (event &&","                    event.currentTarget &&","                    event.currentTarget.className &&","                    event.currentTarget.className.includes &&","                    event.currentTarget.className.includes('oneval')))) {","                // try to eval input-code","                try {","                    /*jslint evil: true*/","                    eval(document.querySelector('#inputTextareaEval1').value);","                } catch (errorCaught) {","                    console.error(errorCaught);","                }","            }","        };","        // log stderr and stdout to #outputTextareaStdout1","        ['error', 'log'].forEach(function (key) {","            console[key + '_original'] = console[key];","            console[key] = function () {","                var element;","                console[key + '_original'].apply(console, arguments);","                element = document.querySelector('#outputTextareaStdout1');","                if (!element) {","                    return;","                }","                // append text to #outputTextareaStdout1","                element.value += Array.from(arguments).map(function (arg) {","                    return typeof arg === 'string'","                        ? arg","                        : JSON.stringify(arg, null, 4);","                }).join(' ') + '\\n';","                // scroll textarea to bottom","                element.scrollTop = element.scrollHeight;","            };","        });","        // init event-handling","        ['change', 'click', 'keyup'].forEach(function (event) {","            Array.from(document.querySelectorAll('.on' + event)).forEach(function (element) {","                element.addEventListener(event, local.testRunBrowser);","            });","        });","        // run tests","        local.testRunBrowser();","        break;","","","","    // run node js-env code - init-after","    /* istanbul ignore next */","    case 'node':","        // export local","        module.exports = local;","        // require modules","        local.fs = require('fs');","        local.http = require('http');","        local.url = require('url');","        // init assets","        local.assetsDict = local.assetsDict || {};","        /* jslint-ignore-begin */","        local.assetsDict['/assets.index.template.html'] = '\\","<!doctype html>\\n\\","<html lang=\"en\">\\n\\","<head>\\n\\","<meta charset=\"UTF-8\">\\n\\","<meta name=\"viewport\" content=\"width=device-width, initial-scale=1\">\\n\\","<title>{{env.npm_package_name}} (v{{env.npm_package_version}})</title>\\n\\","<style>\\n\\","/*csslint\\n\\","    box-sizing: false,\\n\\","    universal-selector: false\\n\\","*/\\n\\","* {\\n\\","    box-sizing: border-box;\\n\\","}\\n\\","body {\\n\\","    background: #dde;\\n\\","    font-family: Arial, Helvetica, sans-serif;\\n\\","    margin: 2rem;\\n\\","}\\n\\","body > * {\\n\\","    margin-bottom: 1rem;\\n\\","}\\n\\",".utility2FooterDiv {\\n\\","    margin-top: 20px;\\n\\","    text-align: center;\\n\\","}\\n\\","</style>\\n\\","<style>\\n\\","/*csslint\\n\\","*/\\n\\","textarea {\\n\\","    font-family: monospace;\\n\\","    height: 10rem;\\n\\","    width: 100%;\\n\\","}\\n\\","textarea[readonly] {\\n\\","    background: #ddd;\\n\\","}\\n\\","</style>\\n\\","</head>\\n\\","<body>\\n\\","<!-- utility2-comment\\n\\","<div id=\"ajaxProgressDiv1\" style=\"background: #d00; height: 2px; left: 0; margin: 0; padding: 0; position: fixed; top: 0; transition: background 0.5s, width 1.5s; width: 25%;\"></div>\\n\\","utility2-comment -->\\n\\","<h1>\\n\\","<!-- utility2-comment\\n\\","    <a\\n\\","        {{#if env.npm_package_homepage}}\\n\\","        href=\"{{env.npm_package_homepage}}\"\\n\\","        {{/if env.npm_package_homepage}}\\n\\","        target=\"_blank\"\\n\\","    >\\n\\","utility2-comment -->\\n\\","        {{env.npm_package_name}} (v{{env.npm_package_version}})\\n\\","<!-- utility2-comment\\n\\","    </a>\\n\\","utility2-comment -->\\n\\","</h1>\\n\\","<h3>{{env.npm_package_description}}</h3>\\n\\","<!-- utility2-comment\\n\\","<h4><a download href=\"assets.app.js\">download standalone app</a></h4>\\n\\","<button class=\"onclick onreset\" id=\"testRunButton1\">run internal test</button><br>\\n\\","<div id=\"testReportDiv1\" style=\"display: none;\"></div>\\n\\","utility2-comment -->\\n\\","\\n\\","\\n\\","\\n\\","<label>stderr and stdout</label>\\n\\","<textarea class=\"resettable\" id=\"outputTextareaStdout1\" readonly></textarea>\\n\\","<!-- utility2-comment\\n\\","{{#if isRollup}}\\n\\","<script src=\"assets.app.js\"></script>\\n\\","{{#unless isRollup}}\\n\\","utility2-comment -->\\n\\","<script src=\"assets.utility2.rollup.js\"></script>\\n\\","<script src=\"jsonp.utility2._stateInit?callback=window.utility2._stateInit\"></script>\\n\\","<script src=\"assets.npmtest_apicache.rollup.js\"></script>\\n\\","<script src=\"assets.example.js\"></script>\\n\\","<script src=\"assets.test.js\"></script>\\n\\","<!-- utility2-comment\\n\\","{{/if isRollup}}\\n\\","utility2-comment -->\\n\\","<div class=\"utility2FooterDiv\">\\n\\","    [ this app was created with\\n\\","    <a href=\"https://github.com/kaizhu256/node-utility2\" target=\"_blank\">utility2</a>\\n\\","    ]\\n\\","</div>\\n\\","</body>\\n\\","</html>\\n\\","';","        /* jslint-ignore-end */","        if (local.templateRender) {","            local.assetsDict['/'] = local.templateRender(","                local.assetsDict['/assets.index.template.html'],","                {","                    env: local.objectSetDefault(local.env, {","                        npm_package_description: 'the greatest app in the world!',","                        npm_package_name: 'my-app',","                        npm_package_nameAlias: 'my_app',","                        npm_package_version: '0.0.1'","                    })","                }","            );","        } else {","            local.assetsDict['/'] = local.assetsDict['/assets.index.template.html']","                .replace((/\\{\\{env\\.(\\w+?)\\}\\}/g), function (match0, match1) {","                    // jslint-hack","                    String(match0);","                    switch (match1) {","                    case 'npm_package_description':","                        return 'the greatest app in the world!';","                    case 'npm_package_name':","                        return 'my-app';","                    case 'npm_package_nameAlias':","                        return 'my_app';","                    case 'npm_package_version':","                        return '0.0.1';","                    }","                });","        }","        // run the cli","        if (local.global.utility2_rollup || module !== require.main) {","            break;","        }","        local.assetsDict['/assets.example.js'] =","            local.assetsDict['/assets.example.js'] ||","            local.fs.readFileSync(__filename, 'utf8');","        // bug-workaround - long $npm_package_buildCustomOrg","        /* jslint-ignore-begin */","        local.assetsDict['/assets.npmtest_apicache.rollup.js'] =","            local.assetsDict['/assets.npmtest_apicache.rollup.js'] ||","            local.fs.readFileSync(","                local.npmtest_apicache.__dirname + '/lib.npmtest_apicache.js',","                'utf8'","            ).replace((/^#!/), '//');","        /* jslint-ignore-end */","        local.assetsDict['/favicon.ico'] = local.assetsDict['/favicon.ico'] || '';","        // if $npm_config_timeout_exit exists,","        // then exit this process after $npm_config_timeout_exit ms","        if (Number(process.env.npm_config_timeout_exit)) {","            setTimeout(process.exit, Number(process.env.npm_config_timeout_exit));","        }","        // start server","        if (local.global.utility2_serverHttp1) {","            break;","        }","        process.env.PORT = process.env.PORT || '8081';","        console.error('server starting on port ' + process.env.PORT);","        local.http.createServer(function (request, response) {","            request.urlParsed = local.url.parse(request.url);","            if (local.assetsDict[request.urlParsed.pathname] !== undefined) {","                response.end(local.assetsDict[request.urlParsed.pathname]);","                return;","            }","            response.statusCode = 404;","            response.end();","        }).listen(process.env.PORT);","        break;","    }","}());",""],"l":{"26":2,"28":2,"33":2,"35":2,"37":2,"38":2,"39":2,"44":1,"51":2,"55":2,"59":2,"61":2,"69":1,"70":2,"76":2,"79":2,"82":2,"83":2,"85":1,"89":2,"92":1,"93":1,"94":1,"96":1,"97":1,"100":1,"101":1,"103":1,"106":1,"108":2,"114":1,"116":1,"118":1,"123":1,"124":2,"125":2,"126":3,"127":3,"128":3,"129":3,"130":1,"133":3,"134":3,"139":3,"143":1,"144":3,"145":1,"149":1,"150":1,"158":1,"160":1,"161":1,"162":1,"164":1,"166":1,"258":1,"259":1,"271":1,"274":6,"275":6,"277":1,"279":2,"281":1,"283":2,"288":1,"289":1,"291":1,"296":1,"303":1,"306":1,"307":1,"310":1,"311":1,"313":1,"314":1,"315":1,"316":1,"317":1,"318":1,"319":1,"321":1,"322":1,"324":1}},"/home/travis/build/npmtest/node-npmtest-apicache/node_modules/apicache/src/apicache.js":{"path":"/home/travis/build/npmtest/node-npmtest-apicache/node_modules/apicache/src/apicache.js","s":{"1":1,"2":1,"3":1,"4":1,"5":1,"6":1,"7":0,"8":0,"9":1,"10":0,"11":0,"12":1,"13":0,"14":0,"15":1,"16":1,"17":1,"18":1,"19":1,"20":1,"21":1,"22":1,"23":0,"24":0,"25":0,"26":0,"27":1,"28":0,"29":0,"30":0,"31":0,"32":0,"33":0,"34":0,"35":0,"36":0,"37":1,"38":0,"39":0,"40":0,"41":0,"42":0,"43":0,"44":1,"45":0,"46":1,"47":0,"48":0,"49":0,"50":0,"51":0,"52":0,"53":0,"54":0,"55":1,"56":0,"57":0,"58":0,"59":0,"60":0,"61":0,"62":0,"63":0,"64":0,"65":1,"66":0,"67":0,"68":0,"69":0,"70":0,"71":0,"72":0,"73":0,"74":0,"75":0,"76":0,"77":0,"78":0,"79":0,"80":0,"81":0,"82":1,"83":0,"84":0,"85":0,"86":0,"87":0,"88":0,"89":0,"90":1,"91":0,"92":0,"93":0,"94":0,"95":0,"96":0,"97":0,"98":0,"99":0,"100":0,"101":0,"102":0,"103":0,"104":0,"105":0,"106":0,"107":0,"108":0,"109":0,"110":0,"111":0,"112":0,"113":0,"114":0,"115":0,"116":0,"117":0,"118":0,"119":1,"120":0,"121":0,"122":0,"123":0,"124":0,"125":0,"126":0,"127":0,"128":0,"129":0,"130":0,"131":1,"132":0,"133":0,"134":0,"135":1,"136":0,"137":0,"138":1,"139":0,"140":0,"141":0,"142":0,"143":0,"144":0,"145":0,"146":0,"147":0,"148":0,"149":0,"150":0,"151":0,"152":0,"153":0,"154":0,"155":0,"156":0,"157":0,"158":0,"159":0,"160":0,"161":0,"162":0,"163":0,"164":0,"165":0,"166":0,"167":0,"168":0,"169":0,"170":0,"171":0,"172":0,"173":1,"174":0,"175":0,"176":0,"177":0,"178":1,"179":1,"180":1,"181":0,"182":0,"183":0,"184":0,"185":1,"186":0,"187":1,"188":1},"b":{"1":[0,0],"2":[0,0],"3":[0,0],"4":[0,0,0],"5":[0,0],"6":[0,0],"7":[0,0,0],"8":[0,0],"9":[0,0,0],"10":[0,0],"11":[0,0],"12":[0,0],"13":[0,0],"14":[0,0],"15":[0,0],"16":[0,0],"17":[0,0],"18":[0,0],"19":[0,0],"20":[0,0],"21":[0,0],"22":[0,0],"23":[0,0],"24":[0,0],"25":[0,0],"26":[0,0],"27":[0,0],"28":[0,0],"29":[0,0],"30":[0,0],"31":[0,0],"32":[0,0],"33":[0,0],"34":[0,0],"35":[0,0],"36":[0,0],"37":[0,0],"38":[0,0],"39":[0,0],"40":[0,0],"41":[0,0],"42":[0,0],"43":[0,0],"44":[0,0],"45":[0,0],"46":[0,0],"47":[0,0],"48":[0,0],"49":[0,0],"50":[0,0],"51":[0,0],"52":[0,0],"53":[0,0],"54":[0,0],"55":[0,0],"56":[0,0],"57":[0,0],"58":[0,0]},"f":{"1":0,"2":0,"3":0,"4":0,"5":0,"6":1,"7":0,"8":0,"9":0,"10":0,"11":0,"12":0,"13":0,"14":0,"15":0,"16":0,"17":0,"18":0,"19":0,"20":0,"21":0,"22":0,"23":0,"24":0,"25":0,"26":0,"27":0,"28":0,"29":0,"30":1,"31":0,"32":0},"fnMap":{"1":{"name":"(anonymous_1)","line":17,"loc":{"start":{"line":17,"column":14},"end":{"line":17,"column":26}}},"2":{"name":"(anonymous_2)","line":18,"loc":{"start":{"line":18,"column":9},"end":{"line":18,"column":21}}},"3":{"name":"(anonymous_3)","line":21,"loc":{"start":{"line":21,"column":18},"end":{"line":21,"column":30}}},"4":{"name":"(anonymous_4)","line":22,"loc":{"start":{"line":22,"column":9},"end":{"line":22,"column":21}}},"5":{"name":"(anonymous_5)","line":25,"loc":{"start":{"line":25,"column":18},"end":{"line":25,"column":38}}},"6":{"name":"ApiCache","line":30,"loc":{"start":{"line":30,"column":0},"end":{"line":30,"column":20}}},"7":{"name":"debug","line":52,"loc":{"start":{"line":52,"column":2},"end":{"line":52,"column":26}}},"8":{"name":"(anonymous_8)","line":53,"loc":{"start":{"line":53,"column":62},"end":{"line":53,"column":76}}},"9":{"name":"shouldCacheResponse","line":59,"loc":{"start":{"line":59,"column":2},"end":{"line":59,"column":41}}},"10":{"name":"addIndexEntries","line":71,"loc":{"start":{"line":71,"column":2},"end":{"line":71,"column":37}}},"11":{"name":"createCacheObject","line":83,"loc":{"start":{"line":83,"column":2},"end":{"line":83,"column":62}}},"12":{"name":"cacheResponse","line":92,"loc":{"start":{"line":92,"column":2},"end":{"line":92,"column":47}}},"13":{"name":"(anonymous_13)","line":103,"loc":{"start":{"line":103,"column":15},"end":{"line":103,"column":26}}},"14":{"name":"accumulateContent","line":106,"loc":{"start":{"line":106,"column":2},"end":{"line":106,"column":43}}},"15":{"name":"makeResponseCacheable","line":123,"loc":{"start":{"line":123,"column":2},"end":{"line":123,"column":77}}},"16":{"name":"(anonymous_16)","line":136,"loc":{"start":{"line":136,"column":16},"end":{"line":136,"column":34}}},"17":{"name":"(anonymous_17)","line":142,"loc":{"start":{"line":142,"column":14},"end":{"line":142,"column":42}}},"18":{"name":"sendCachedResponse","line":165,"loc":{"start":{"line":165,"column":2},"end":{"line":165,"column":53}}},"19":{"name":"(anonymous_19)","line":183,"loc":{"start":{"line":183,"column":15},"end":{"line":183,"column":45}}},"20":{"name":"(anonymous_20)","line":190,"loc":{"start":{"line":190,"column":20},"end":{"line":190,"column":34}}},"21":{"name":"(anonymous_21)","line":216,"loc":{"start":{"line":216,"column":40},"end":{"line":216,"column":60}}},"22":{"name":"(anonymous_22)","line":231,"loc":{"start":{"line":231,"column":26},"end":{"line":231,"column":40}}},"23":{"name":"(anonymous_23)","line":241,"loc":{"start":{"line":241,"column":21},"end":{"line":241,"column":40}}},"24":{"name":"(anonymous_24)","line":261,"loc":{"start":{"line":261,"column":18},"end":{"line":261,"column":34}}},"25":{"name":"cache","line":269,"loc":{"start":{"line":269,"column":20},"end":{"line":269,"column":66}}},"26":{"name":"cache","line":272,"loc":{"start":{"line":272,"column":11},"end":{"line":272,"column":42}}},"27":{"name":"bypass","line":273,"loc":{"start":{"line":273,"column":6},"end":{"line":273,"column":24}}},"28":{"name":"(anonymous_28)","line":321,"loc":{"start":{"line":321,"column":27},"end":{"line":321,"column":47}}},"29":{"name":"(anonymous_29)","line":337,"loc":{"start":{"line":337,"column":17},"end":{"line":337,"column":35}}},"30":{"name":"(anonymous_30)","line":347,"loc":{"start":{"line":347,"column":20},"end":{"line":347,"column":31}}},"31":{"name":"(anonymous_31)","line":354,"loc":{"start":{"line":354,"column":21},"end":{"line":354,"column":38}}},"32":{"name":"(anonymous_32)","line":364,"loc":{"start":{"line":364,"column":15},"end":{"line":364,"column":26}}}},"statementMap":{"1":{"start":{"line":1,"column":0},"end":{"line":1,"column":32}},"2":{"start":{"line":2,"column":0},"end":{"line":2,"column":43}},"3":{"start":{"line":3,"column":0},"end":{"line":3,"column":44}},"4":{"start":{"line":5,"column":0},"end":{"line":13,"column":1}},"5":{"start":{"line":15,"column":0},"end":{"line":15,"column":18}},"6":{"start":{"line":17,"column":0},"end":{"line":19,"column":1}},"7":{"start":{"line":18,"column":2},"end":{"line":18,"column":39}},"8":{"start":{"line":18,"column":23},"end":{"line":18,"column":38}},"9":{"start":{"line":21,"column":0},"end":{"line":23,"column":1}},"10":{"start":{"line":22,"column":2},"end":{"line":22,"column":46}},"11":{"start":{"line":22,"column":23},"end":{"line":22,"column":45}},"12":{"start":{"line":25,"column":0},"end":{"line":28,"column":1}},"13":{"start":{"line":26,"column":2},"end":{"line":26,"column":67}},"14":{"start":{"line":27,"column":2},"end":{"line":27,"column":70}},"15":{"start":{"line":30,"column":0},"end":{"line":370,"column":1}},"16":{"start":{"line":31,"column":2},"end":{"line":31,"column":32}},"17":{"start":{"line":33,"column":2},"end":{"line":44,"column":3}},"18":{"start":{"line":46,"column":2},"end":{"line":46,"column":21}},"19":{"start":{"line":47,"column":2},"end":{"line":47,"column":18}},"20":{"start":{"line":49,"column":2},"end":{"line":49,"column":22}},"21":{"start":{"line":50,"column":2},"end":{"line":50,"column":28}},"22":{"start":{"line":52,"column":2},"end":{"line":57,"column":3}},"23":{"start":{"line":53,"column":4},"end":{"line":53,"column":105}},"24":{"start":{"line":53,"column":78},"end":{"line":53,"column":103}},"25":{"start":{"line":54,"column":4},"end":{"line":54,"column":95}},"26":{"start":{"line":56,"column":4},"end":{"line":56,"column":76}},"27":{"start":{"line":59,"column":2},"end":{"line":69,"column":3}},"28":{"start":{"line":60,"column":4},"end":{"line":60,"column":27}},"29":{"start":{"line":61,"column":4},"end":{"line":61,"column":31}},"30":{"start":{"line":63,"column":4},"end":{"line":63,"column":31}},"31":{"start":{"line":63,"column":19},"end":{"line":63,"column":31}},"32":{"start":{"line":65,"column":4},"end":{"line":65,"column":112}},"33":{"start":{"line":65,"column":100},"end":{"line":65,"column":112}},"34":{"start":{"line":66,"column":4},"end":{"line":66,"column":112}},"35":{"start":{"line":66,"column":100},"end":{"line":66,"column":112}},"36":{"start":{"line":68,"column":4},"end":{"line":68,"column":15}},"37":{"start":{"line":71,"column":2},"end":{"line":81,"column":3}},"38":{"start":{"line":72,"column":4},"end":{"line":72,"column":37}},"39":{"start":{"line":74,"column":4},"end":{"line":78,"column":5}},"40":{"start":{"line":75,"column":6},"end":{"line":75,"column":49}},"41":{"start":{"line":76,"column":6},"end":{"line":76,"column":75}},"42":{"start":{"line":77,"column":6},"end":{"line":77,"column":24}},"43":{"start":{"line":80,"column":4},"end":{"line":80,"column":26}},"44":{"start":{"line":83,"column":2},"end":{"line":90,"column":3}},"45":{"start":{"line":84,"column":4},"end":{"line":89,"column":5}},"46":{"start":{"line":92,"column":2},"end":{"line":104,"column":3}},"47":{"start":{"line":93,"column":4},"end":{"line":93,"column":41}},"48":{"start":{"line":94,"column":4},"end":{"line":100,"column":5}},"49":{"start":{"line":95,"column":6},"end":{"line":95,"column":56}},"50":{"start":{"line":96,"column":6},"end":{"line":96,"column":43}},"51":{"start":{"line":97,"column":6},"end":{"line":97,"column":38}},"52":{"start":{"line":99,"column":6},"end":{"line":99,"column":40}},"53":{"start":{"line":103,"column":4},"end":{"line":103,"column":88}},"54":{"start":{"line":103,"column":28},"end":{"line":103,"column":54}},"55":{"start":{"line":106,"column":2},"end":{"line":121,"column":3}},"56":{"start":{"line":107,"column":4},"end":{"line":120,"column":5}},"57":{"start":{"line":108,"column":6},"end":{"line":119,"column":7}},"58":{"start":{"line":109,"column":8},"end":{"line":109,"column":72}},"59":{"start":{"line":110,"column":13},"end":{"line":119,"column":7}},"60":{"start":{"line":111,"column":8},"end":{"line":111,"column":46}},"61":{"start":{"line":112,"column":8},"end":{"line":114,"column":9}},"62":{"start":{"line":113,"column":10},"end":{"line":113,"column":71}},"63":{"start":{"line":115,"column":8},"end":{"line":115,"column":105}},"64":{"start":{"line":117,"column":8},"end":{"line":117,"column":39}},"65":{"start":{"line":123,"column":2},"end":{"line":162,"column":3}},"66":{"start":{"line":125,"column":4},"end":{"line":130,"column":5}},"67":{"start":{"line":133,"column":4},"end":{"line":133,"column":74}},"68":{"start":{"line":136,"column":4},"end":{"line":139,"column":5}},"69":{"start":{"line":137,"column":6},"end":{"line":137,"column":38}},"70":{"start":{"line":138,"column":6},"end":{"line":138,"column":56}},"71":{"start":{"line":142,"column":4},"end":{"line":159,"column":5}},"72":{"start":{"line":143,"column":6},"end":{"line":156,"column":7}},"73":{"start":{"line":145,"column":8},"end":{"line":145,"column":40}},"74":{"start":{"line":147,"column":8},"end":{"line":155,"column":9}},"75":{"start":{"line":148,"column":10},"end":{"line":148,"column":35}},"76":{"start":{"line":149,"column":10},"end":{"line":149,"column":108}},"77":{"start":{"line":150,"column":10},"end":{"line":150,"column":51}},"78":{"start":{"line":153,"column":10},"end":{"line":153,"column":54}},"79":{"start":{"line":154,"column":10},"end":{"line":154,"column":94}},"80":{"start":{"line":158,"column":6},"end":{"line":158,"column":54}},"81":{"start":{"line":161,"column":4},"end":{"line":161,"column":10}},"82":{"start":{"line":165,"column":2},"end":{"line":181,"column":3}},"83":{"start":{"line":166,"column":4},"end":{"line":166,"column":47}},"84":{"start":{"line":167,"column":4},"end":{"line":170,"column":6}},"85":{"start":{"line":173,"column":4},"end":{"line":173,"column":31}},"86":{"start":{"line":174,"column":4},"end":{"line":176,"column":5}},"87":{"start":{"line":175,"column":6},"end":{"line":175,"column":34}},"88":{"start":{"line":178,"column":4},"end":{"line":178,"column":68}},"89":{"start":{"line":180,"column":4},"end":{"line":180,"column":51}},"90":{"start":{"line":183,"column":2},"end":{"line":239,"column":3}},"91":{"start":{"line":184,"column":4},"end":{"line":184,"column":36}},"92":{"start":{"line":185,"column":4},"end":{"line":185,"column":41}},"93":{"start":{"line":187,"column":4},"end":{"line":236,"column":5}},"94":{"start":{"line":188,"column":6},"end":{"line":188,"column":46}},"95":{"start":{"line":190,"column":6},"end":{"line":199,"column":8}},"96":{"start":{"line":191,"column":8},"end":{"line":191,"column":56}},"97":{"start":{"line":193,"column":8},"end":{"line":197,"column":9}},"98":{"start":{"line":194,"column":10},"end":{"line":194,"column":30}},"99":{"start":{"line":196,"column":10},"end":{"line":196,"column":24}},"100":{"start":{"line":198,"column":8},"end":{"line":198,"column":54}},"101":{"start":{"line":201,"column":6},"end":{"line":201,"column":33}},"102":{"start":{"line":202,"column":11},"end":{"line":236,"column":5}},"103":{"start":{"line":203,"column":6},"end":{"line":203,"column":95}},"104":{"start":{"line":206,"column":6},"end":{"line":210,"column":7}},"105":{"start":{"line":207,"column":8},"end":{"line":207,"column":31}},"106":{"start":{"line":209,"column":8},"end":{"line":209,"column":25}},"107":{"start":{"line":213,"column":6},"end":{"line":213,"column":55}},"108":{"start":{"line":216,"column":6},"end":{"line":223,"column":8}},"109":{"start":{"line":217,"column":8},"end":{"line":217,"column":85}},"110":{"start":{"line":220,"column":8},"end":{"line":222,"column":9}},"111":{"start":{"line":221,"column":10},"end":{"line":221,"column":40}},"112":{"start":{"line":225,"column":6},"end":{"line":225,"column":36}},"113":{"start":{"line":227,"column":6},"end":{"line":234,"column":7}},"114":{"start":{"line":228,"column":8},"end":{"line":228,"column":24}},"115":{"start":{"line":231,"column":8},"end":{"line":233,"column":10}},"116":{"start":{"line":232,"column":10},"end":{"line":232,"column":24}},"117":{"start":{"line":235,"column":6},"end":{"line":235,"column":23}},"118":{"start":{"line":238,"column":4},"end":{"line":238,"column":26}},"119":{"start":{"line":241,"column":2},"end":{"line":259,"column":3}},"120":{"start":{"line":242,"column":4},"end":{"line":242,"column":53}},"121":{"start":{"line":242,"column":38},"end":{"line":242,"column":53}},"122":{"start":{"line":244,"column":4},"end":{"line":256,"column":5}},"123":{"start":{"line":245,"column":6},"end":{"line":245,"column":55}},"124":{"start":{"line":247,"column":6},"end":{"line":255,"column":7}},"125":{"start":{"line":248,"column":8},"end":{"line":248,"column":38}},"126":{"start":{"line":249,"column":8},"end":{"line":249,"column":59}},"127":{"start":{"line":250,"column":8},"end":{"line":252,"column":9}},"128":{"start":{"line":251,"column":10},"end":{"line":251,"column":21}},"129":{"start":{"line":254,"column":8},"end":{"line":254,"column":42}},"130":{"start":{"line":258,"column":4},"end":{"line":258,"column":40}},"131":{"start":{"line":261,"column":2},"end":{"line":267,"column":3}},"132":{"start":{"line":262,"column":4},"end":{"line":266,"column":5}},"133":{"start":{"line":263,"column":6},"end":{"line":263,"column":32}},"134":{"start":{"line":265,"column":6},"end":{"line":265,"column":18}},"135":{"start":{"line":269,"column":2},"end":{"line":335,"column":3}},"136":{"start":{"line":270,"column":4},"end":{"line":270,"column":52}},"137":{"start":{"line":272,"column":4},"end":{"line":334,"column":5}},"138":{"start":{"line":273,"column":6},"end":{"line":276,"column":7}},"139":{"start":{"line":274,"column":8},"end":{"line":274,"column":49}},"140":{"start":{"line":275,"column":8},"end":{"line":275,"column":21}},"141":{"start":{"line":279,"column":6},"end":{"line":279,"column":49}},"142":{"start":{"line":279,"column":34},"end":{"line":279,"column":49}},"143":{"start":{"line":280,"column":6},"end":{"line":280,"column":100}},"144":{"start":{"line":280,"column":85},"end":{"line":280,"column":100}},"145":{"start":{"line":281,"column":6},"end":{"line":285,"column":7}},"146":{"start":{"line":282,"column":8},"end":{"line":282,"column":56}},"147":{"start":{"line":282,"column":41},"end":{"line":282,"column":56}},"148":{"start":{"line":283,"column":13},"end":{"line":285,"column":7}},"149":{"start":{"line":284,"column":8},"end":{"line":284,"column":23}},"150":{"start":{"line":288,"column":6},"end":{"line":288,"column":36}},"151":{"start":{"line":291,"column":6},"end":{"line":291,"column":42}},"152":{"start":{"line":294,"column":6},"end":{"line":296,"column":7}},"153":{"start":{"line":295,"column":8},"end":{"line":295,"column":37}},"154":{"start":{"line":298,"column":6},"end":{"line":305,"column":7}},"155":{"start":{"line":299,"column":8},"end":{"line":299,"column":27}},"156":{"start":{"line":301,"column":8},"end":{"line":303,"column":9}},"157":{"start":{"line":302,"column":10},"end":{"line":302,"column":59}},"158":{"start":{"line":304,"column":8},"end":{"line":304,"column":41}},"159":{"start":{"line":308,"column":6},"end":{"line":308,"column":43}},"160":{"start":{"line":309,"column":6},"end":{"line":309,"column":57}},"161":{"start":{"line":312,"column":6},"end":{"line":317,"column":7}},"162":{"start":{"line":313,"column":8},"end":{"line":313,"column":52}},"163":{"start":{"line":314,"column":8},"end":{"line":314,"column":84}},"164":{"start":{"line":316,"column":8},"end":{"line":316,"column":46}},"165":{"start":{"line":320,"column":6},"end":{"line":333,"column":7}},"166":{"start":{"line":321,"column":8},"end":{"line":330,"column":10}},"167":{"start":{"line":322,"column":10},"end":{"line":329,"column":11}},"168":{"start":{"line":323,"column":12},"end":{"line":323,"column":56}},"169":{"start":{"line":324,"column":12},"end":{"line":324,"column":81}},"170":{"start":{"line":326,"column":12},"end":{"line":326,"column":68}},"171":{"start":{"line":328,"column":12},"end":{"line":328,"column":84}},"172":{"start":{"line":332,"column":8},"end":{"line":332,"column":80}},"173":{"start":{"line":337,"column":2},"end":{"line":345,"column":3}},"174":{"start":{"line":338,"column":4},"end":{"line":344,"column":5}},"175":{"start":{"line":339,"column":6},"end":{"line":339,"column":43}},"176":{"start":{"line":341,"column":6},"end":{"line":341,"column":17}},"177":{"start":{"line":343,"column":6},"end":{"line":343,"column":26}},"178":{"start":{"line":347,"column":2},"end":{"line":352,"column":3}},"179":{"start":{"line":348,"column":4},"end":{"line":351,"column":5}},"180":{"start":{"line":354,"column":2},"end":{"line":362,"column":3}},"181":{"start":{"line":355,"column":4},"end":{"line":355,"column":33}},"182":{"start":{"line":357,"column":4},"end":{"line":359,"column":5}},"183":{"start":{"line":358,"column":6},"end":{"line":358,"column":30}},"184":{"start":{"line":361,"column":4},"end":{"line":361,"column":19}},"185":{"start":{"line":364,"column":2},"end":{"line":366,"column":3}},"186":{"start":{"line":365,"column":4},"end":{"line":365,"column":43}},"187":{"start":{"line":369,"column":2},"end":{"line":369,"column":19}},"188":{"start":{"line":372,"column":0},"end":{"line":372,"column":31}}},"branchMap":{"1":{"line":26,"type":"cond-expr","locations":[{"start":{"line":26,"column":26},"end":{"line":26,"column":53}},{"start":{"line":26,"column":58},"end":{"line":26,"column":66}}]},"2":{"line":27,"type":"cond-expr","locations":[{"start":{"line":27,"column":34},"end":{"line":27,"column":46}},{"start":{"line":27,"column":49},"end":{"line":27,"column":51}}]},"3":{"line":54,"type":"binary-expr","locations":[{"start":{"line":54,"column":19},"end":{"line":54,"column":36}},{"start":{"line":54,"column":40},"end":{"line":54,"column":95}}]},"4":{"line":56,"type":"binary-expr","locations":[{"start":{"line":56,"column":12},"end":{"line":56,"column":31}},{"start":{"line":56,"column":35},"end":{"line":56,"column":43}},{"start":{"line":56,"column":48},"end":{"line":56,"column":76}}]},"5":{"line":63,"type":"if","locations":[{"start":{"line":63,"column":4},"end":{"line":63,"column":4}},{"start":{"line":63,"column":4},"end":{"line":63,"column":4}}]},"6":{"line":65,"type":"if","locations":[{"start":{"line":65,"column":4},"end":{"line":65,"column":4}},{"start":{"line":65,"column":4},"end":{"line":65,"column":4}}]},"7":{"line":65,"type":"binary-expr","locations":[{"start":{"line":65,"column":8},"end":{"line":65,"column":21}},{"start":{"line":65,"column":25},"end":{"line":65,"column":45}},{"start":{"line":65,"column":49},"end":{"line":65,"column":98}}]},"8":{"line":66,"type":"if","locations":[{"start":{"line":66,"column":4},"end":{"line":66,"column":4}},{"start":{"line":66,"column":4},"end":{"line":66,"column":4}}]},"9":{"line":66,"type":"binary-expr","locations":[{"start":{"line":66,"column":8},"end":{"line":66,"column":21}},{"start":{"line":66,"column":25},"end":{"line":66,"column":45}},{"start":{"line":66,"column":49},"end":{"line":66,"column":98}}]},"10":{"line":74,"type":"if","locations":[{"start":{"line":74,"column":4},"end":{"line":74,"column":4}},{"start":{"line":74,"column":4},"end":{"line":74,"column":4}}]},"11":{"line":76,"type":"binary-expr","locations":[{"start":{"line":76,"column":45},"end":{"line":76,"column":68}},{"start":{"line":76,"column":72},"end":{"line":76,"column":74}}]},"12":{"line":94,"type":"if","locations":[{"start":{"line":94,"column":4},"end":{"line":94,"column":4}},{"start":{"line":94,"column":4},"end":{"line":94,"column":4}}]},"13":{"line":107,"type":"if","locations":[{"start":{"line":107,"column":4},"end":{"line":107,"column":4}},{"start":{"line":107,"column":4},"end":{"line":107,"column":4}}]},"14":{"line":108,"type":"if","locations":[{"start":{"line":108,"column":6},"end":{"line":108,"column":6}},{"start":{"line":108,"column":6},"end":{"line":108,"column":6}}]},"15":{"line":109,"type":"binary-expr","locations":[{"start":{"line":109,"column":33},"end":{"line":109,"column":54}},{"start":{"line":109,"column":58},"end":{"line":109,"column":60}}]},"16":{"line":110,"type":"if","locations":[{"start":{"line":110,"column":13},"end":{"line":110,"column":13}},{"start":{"line":110,"column":13},"end":{"line":110,"column":13}}]},"17":{"line":112,"type":"if","locations":[{"start":{"line":112,"column":8},"end":{"line":112,"column":8}},{"start":{"line":112,"column":8},"end":{"line":112,"column":8}}]},"18":{"line":113,"type":"cond-expr","locations":[{"start":{"line":113,"column":39},"end":{"line":113,"column":52}},{"start":{"line":113,"column":55},"end":{"line":113,"column":70}}]},"19":{"line":143,"type":"if","locations":[{"start":{"line":143,"column":6},"end":{"line":143,"column":6}},{"start":{"line":143,"column":6},"end":{"line":143,"column":6}}]},"20":{"line":147,"type":"if","locations":[{"start":{"line":147,"column":8},"end":{"line":147,"column":8}},{"start":{"line":147,"column":8},"end":{"line":147,"column":8}}]},"21":{"line":147,"type":"binary-expr","locations":[{"start":{"line":147,"column":12},"end":{"line":147,"column":35}},{"start":{"line":147,"column":39},"end":{"line":147,"column":60}}]},"22":{"line":166,"type":"binary-expr","locations":[{"start":{"line":166,"column":24},"end":{"line":166,"column":41}},{"start":{"line":166,"column":45},"end":{"line":166,"column":47}}]},"23":{"line":167,"type":"binary-expr","locations":[{"start":{"line":167,"column":37},"end":{"line":167,"column":56}},{"start":{"line":167,"column":60},"end":{"line":167,"column":62}}]},"24":{"line":168,"type":"cond-expr","locations":[{"start":{"line":168,"column":52},"end":{"line":168,"column":59}},{"start":{"line":168,"column":62},"end":{"line":168,"column":70}}]},"25":{"line":174,"type":"if","locations":[{"start":{"line":174,"column":4},"end":{"line":174,"column":4}},{"start":{"line":174,"column":4},"end":{"line":174,"column":4}}]},"26":{"line":174,"type":"binary-expr","locations":[{"start":{"line":174,"column":8},"end":{"line":174,"column":12}},{"start":{"line":174,"column":16},"end":{"line":174,"column":38}}]},"27":{"line":178,"type":"binary-expr","locations":[{"start":{"line":178,"column":23},"end":{"line":178,"column":41}},{"start":{"line":178,"column":45},"end":{"line":178,"column":48}}]},"28":{"line":187,"type":"if","locations":[{"start":{"line":187,"column":4},"end":{"line":187,"column":4}},{"start":{"line":187,"column":4},"end":{"line":187,"column":4}}]},"29":{"line":193,"type":"if","locations":[{"start":{"line":193,"column":8},"end":{"line":193,"column":8}},{"start":{"line":193,"column":8},"end":{"line":193,"column":8}}]},"30":{"line":202,"type":"if","locations":[{"start":{"line":202,"column":11},"end":{"line":202,"column":11}},{"start":{"line":202,"column":11},"end":{"line":202,"column":11}}]},"31":{"line":203,"type":"cond-expr","locations":[{"start":{"line":203,"column":41},"end":{"line":203,"column":50}},{"start":{"line":203,"column":53},"end":{"line":203,"column":61}}]},"32":{"line":206,"type":"if","locations":[{"start":{"line":206,"column":6},"end":{"line":206,"column":6}},{"start":{"line":206,"column":6},"end":{"line":206,"column":6}}]},"33":{"line":220,"type":"if","locations":[{"start":{"line":220,"column":8},"end":{"line":220,"column":8}},{"start":{"line":220,"column":8},"end":{"line":220,"column":8}}]},"34":{"line":227,"type":"if","locations":[{"start":{"line":227,"column":6},"end":{"line":227,"column":6}},{"start":{"line":227,"column":6},"end":{"line":227,"column":6}}]},"35":{"line":242,"type":"if","locations":[{"start":{"line":242,"column":4},"end":{"line":242,"column":4}},{"start":{"line":242,"column":4},"end":{"line":242,"column":4}}]},"36":{"line":244,"type":"if","locations":[{"start":{"line":244,"column":4},"end":{"line":244,"column":4}},{"start":{"line":244,"column":4},"end":{"line":244,"column":4}}]},"37":{"line":247,"type":"if","locations":[{"start":{"line":247,"column":6},"end":{"line":247,"column":6}},{"start":{"line":247,"column":6},"end":{"line":247,"column":6}}]},"38":{"line":250,"type":"if","locations":[{"start":{"line":250,"column":8},"end":{"line":250,"column":8}},{"start":{"line":250,"column":8},"end":{"line":250,"column":8}}]},"39":{"line":254,"type":"binary-expr","locations":[{"start":{"line":254,"column":16},"end":{"line":254,"column":19}},{"start":{"line":254,"column":23},"end":{"line":254,"column":24}}]},"40":{"line":254,"type":"binary-expr","locations":[{"start":{"line":254,"column":29},"end":{"line":254,"column":36}},{"start":{"line":254,"column":40},"end":{"line":254,"column":41}}]},"41":{"line":262,"type":"if","locations":[{"start":{"line":262,"column":4},"end":{"line":262,"column":4}},{"start":{"line":262,"column":4},"end":{"line":262,"column":4}}]},"42":{"line":279,"type":"if","locations":[{"start":{"line":279,"column":6},"end":{"line":279,"column":6}},{"start":{"line":279,"column":6},"end":{"line":279,"column":6}}]},"43":{"line":280,"type":"if","locations":[{"start":{"line":280,"column":6},"end":{"line":280,"column":6}},{"start":{"line":280,"column":6},"end":{"line":280,"column":6}}]},"44":{"line":280,"type":"binary-expr","locations":[{"start":{"line":280,"column":10},"end":{"line":280,"column":42}},{"start":{"line":280,"column":46},"end":{"line":280,"column":83}}]},"45":{"line":281,"type":"if","locations":[{"start":{"line":281,"column":6},"end":{"line":281,"column":6}},{"start":{"line":281,"column":6},"end":{"line":281,"column":6}}]},"46":{"line":282,"type":"if","locations":[{"start":{"line":282,"column":8},"end":{"line":282,"column":8}},{"start":{"line":282,"column":8},"end":{"line":282,"column":8}}]},"47":{"line":283,"type":"if","locations":[{"start":{"line":283,"column":13},"end":{"line":283,"column":13}},{"start":{"line":283,"column":13},"end":{"line":283,"column":13}}]},"48":{"line":283,"type":"binary-expr","locations":[{"start":{"line":283,"column":17},"end":{"line":283,"column":47}},{"start":{"line":283,"column":51},"end":{"line":283,"column":68}}]},"49":{"line":291,"type":"binary-expr","locations":[{"start":{"line":291,"column":16},"end":{"line":291,"column":31}},{"start":{"line":291,"column":35},"end":{"line":291,"column":42}}]},"50":{"line":294,"type":"if","locations":[{"start":{"line":294,"column":6},"end":{"line":294,"column":6}},{"start":{"line":294,"column":6},"end":{"line":294,"column":6}}]},"51":{"line":298,"type":"if","locations":[{"start":{"line":298,"column":6},"end":{"line":298,"column":6}},{"start":{"line":298,"column":6},"end":{"line":298,"column":6}}]},"52":{"line":309,"type":"cond-expr","locations":[{"start":{"line":309,"column":28},"end":{"line":309,"column":50}},{"start":{"line":309,"column":53},"end":{"line":309,"column":57}}]},"53":{"line":312,"type":"if","locations":[{"start":{"line":312,"column":6},"end":{"line":312,"column":6}},{"start":{"line":312,"column":6},"end":{"line":312,"column":6}}]},"54":{"line":320,"type":"if","locations":[{"start":{"line":320,"column":6},"end":{"line":320,"column":6}},{"start":{"line":320,"column":6},"end":{"line":320,"column":6}}]},"55":{"line":322,"type":"if","locations":[{"start":{"line":322,"column":10},"end":{"line":322,"column":10}},{"start":{"line":322,"column":10},"end":{"line":322,"column":10}}]},"56":{"line":322,"type":"binary-expr","locations":[{"start":{"line":322,"column":14},"end":{"line":322,"column":18}},{"start":{"line":322,"column":22},"end":{"line":322,"column":25}}]},"57":{"line":338,"type":"if","locations":[{"start":{"line":338,"column":4},"end":{"line":338,"column":4}},{"start":{"line":338,"column":4},"end":{"line":338,"column":4}}]},"58":{"line":357,"type":"if","locations":[{"start":{"line":357,"column":4},"end":{"line":357,"column":4}},{"start":{"line":357,"column":4},"end":{"line":357,"column":4}}]}},"code":["var url         = require('url')","var MemoryCache = require('./memory-cache')","var pkg         = require('../package.json')","","var t           = {","  ms:           1,","  second:       1000,","  minute:       60000,","  hour:         3600000,","  day:          3600000 * 24,","  week:         3600000 * 24 * 7,","  month:        3600000 * 24 * 30,","}","","var instances = []","","var matches = function(a) {","  return function(b) { return a === b }","}","","var doesntMatch = function(a) {","  return function(b) { return !matches(a)(b) }","}","","var logDuration = function(d, prefix) {","  var str = (d > 1000) ? ((d/1000).toFixed(2) + 'sec') : (d + 'ms')","  return '\\x1b[33m- ' + (prefix ? prefix + ' ' : '') + str + '\\x1b[0m'","}","","function ApiCache() {","  var memCache = new MemoryCache","","  var globalOptions = {","    debug:              false,","    defaultDuration:    3600000,","    enabled:            true,","    appendKey:          [],","    jsonp:              false,","    redisClient:        false,","    statusCodes: {","      include: [],","      exclude: [],","    }","  }","","  var instance = this","  var index = null","","  instances.push(this)","  this.id = instances.length","","  function debug(a,b,c,d) {","    var arr = (['\\x1b[36m[apicache]\\x1b[0m', a,b,c,d]).filter(function(arg) { return arg !== undefined })","    var debugEnv = process.env.DEBUG && process.env.DEBUG.split(',').indexOf('apicache') !== -1","","    return (globalOptions.debug || debugEnv) && console.log.apply(null, arr)","  }","","  function shouldCacheResponse(response) {","    var opt = globalOptions","    var codes = opt.statusCodes","","    if (!response) return false","","    if (codes.exclude && codes.exclude.length && codes.exclude.indexOf(response.statusCode) !== -1) return false","    if (codes.include && codes.include.length && codes.include.indexOf(response.statusCode) === -1) return false","","    return true","  }","","  function addIndexEntries(key, req) {","    var groupName = req.apicacheGroup","","    if (groupName) {","      debug('group detected \"' + groupName + '\"')","      var group = (index.groups[groupName] = index.groups[groupName] || [])","      group.unshift(key)","    }","","    index.all.unshift(key)","  }","","  function createCacheObject(status, headers, data, encoding) {","    return {","      status: status,","      headers: Object.assign({}, headers),","      data: data,","      encoding: encoding","    }","  }","","  function cacheResponse(key, value, duration) {","    var redis = globalOptions.redisClient","    if (redis) {","      redis.hset(key, \"response\", JSON.stringify(value))","      redis.hset(key, \"duration\", duration)","      redis.expire(key, duration/1000)","    } else {","      memCache.add(key, value, duration)","    }","","    // add automatic cache clearing from duration, includes max limit on setTimeout","    setTimeout(function() { instance.clear(key, true) }, Math.min(duration, 2147483647))","  }","","  function accumulateContent(res, content) {","    if (content) {","      if (typeof(content) == 'string') {","        res._apicache.content = (res._apicache.content || '') + content;","      } else if (Buffer.isBuffer(content)) {","        var oldContent = res._apicache.content","        if (!oldContent) {","          oldContent = !Buffer.alloc ? new Buffer(0) : Buffer.alloc(0);","        }","        res._apicache.content = Buffer.concat([oldContent, content], oldContent.length + content.length);","      } else {","        res._apicache.content = content","        // res._apicache.cacheable = false;","      }","    }","  }","","  function makeResponseCacheable(req, res, next, key, duration, strDuration) {","    // monkeypatch res.end to create cache object","    res._apicache = {","      write: res.write,","      end: res.end,","      cacheable: true,","      content: undefined","    }","","    // add cache control headers","    res.header('cache-control', 'max-age=' + (duration / 1000).toFixed(0))","","    // patch res.write","    res.write = function(content) {","      accumulateContent(res, content);","      return res._apicache.write.apply(this, arguments);","    }","","    // patch res.end","    res.end = function(content, encoding) {","      if (shouldCacheResponse(res)) {","","        accumulateContent(res, content);","","        if (res._apicache.cacheable && res._apicache.content) {","          addIndexEntries(key, req)","          var cacheObject = createCacheObject(res.statusCode, res._headers, res._apicache.content, encoding)","          cacheResponse(key, cacheObject, duration)","","          // display log entry","          var elapsed = new Date() - req.apicacheTimer","          debug('adding cache entry for \"' + key + '\" @ ' + strDuration, logDuration(elapsed))","        }","      }","","      return res._apicache.end.apply(this, arguments);","    }","","    next()","  }","","","  function sendCachedResponse(response, cacheObject) {","    response._headers = response._headers || {}","    Object.assign(response._headers, cacheObject.headers || {}, {","      'apicache-store': globalOptions.redisClient ? 'redis' : 'memory',","      'apicache-version': pkg.version","    })","","    // unstringify buffers","    var data = cacheObject.data","    if (data && data.type === 'Buffer') {","      data = new Buffer(data.data)","    }","","    response.writeHead(cacheObject.status || 200, response._headers)","","    return response.end(data, cacheObject.encoding)","  }","","  this.clear = function(target, isAutomatic) {","    var group = index.groups[target]","    var redis = globalOptions.redisClient","","    if (group) {","      debug('clearing group \"' + target + '\"')","","      group.forEach(function(key) {","        debug('clearing cached entry for \"' + key + '\"')","","        if (!globalOptions.redisClient) {","          memCache.delete(key)","        } else {","          redis.del(key)","        }","        index.all = index.all.filter(doesntMatch(key))","      })","","      delete index.groups[target]","    } else if (target) {","      debug('clearing ' + (isAutomatic ? 'expired' : 'cached') + ' entry for \"' + target + '\"')","","      // clear actual cached entry","      if (!redis) {","        memCache.delete(target)","      } else {","        redis.del(target)","      }","","      // remove from global index","      index.all = index.all.filter(doesntMatch(target))","","      // remove target from each group that it may exist in","      Object.keys(index.groups).forEach(function(groupName) {","        index.groups[groupName] = index.groups[groupName].filter(doesntMatch(target))","","        // delete group if now empty","        if (!index.groups[groupName].length) {","          delete index.groups[groupName]","        }","      })","    } else {","      debug('clearing entire index')","","      if (!redis) {","        memCache.clear()","      } else {","        // clear redis keys one by one from internal index to prevent clearing non-apicache entries","        index.all.forEach(function(key) {","          redis.del(key)","        })","      }","      this.resetIndex()","    }","","    return this.getIndex()","  }","","  this.getDuration = function(duration) {","    if (typeof duration === 'number') return duration","","    if (typeof duration === 'string') {","      var split = duration.match(/^([\\d\\.,]+)\\s(\\w+)$/)","","      if (split.length === 3) {","        var len = parseFloat(split[1])","        var unit = split[2].replace(/s$/i,'').toLowerCase()","        if (unit === 'm') {","          unit = 'ms'","        }","","        return (len || 1) * (t[unit] || 0)","      }","    }","","    return globalOptions.defaultDuration","  }","","  this.getIndex = function(group) {","    if (group) {","      return index.groups[group]","    } else {","      return index","    }","  }","","  this.middleware = function cache(strDuration, middlewareToggle) {","    var duration = instance.getDuration(strDuration)","","    return function cache(req, res, next) {","      function bypass() {","        debug('bypass detected, skipping cache.')","        return next()","      }","","      // initial bypass chances","      if (!globalOptions.enabled) return bypass()","      if (req.headers['x-apicache-bypass'] || req.headers['x-apicache-force-fetch']) return bypass()","      if (typeof middlewareToggle === 'function') {","        if (!middlewareToggle(req, res)) return bypass()","      } else if (middlewareToggle !== undefined && !middlewareToggle) {","        return bypass()","      }","","      // embed timer","      req.apicacheTimer = new Date()","","      // In Express 4.x the url is ambigious based on where a router is mounted.  originalUrl will give the full Url","      var key = req.originalUrl || req.url","","      // Remove querystring from key if jsonp option is enabled","      if (globalOptions.jsonp) {","        key = url.parse(key).pathname","      }","","      if (globalOptions.appendKey.length > 0) {","        var appendKey = req","","        for (var i = 0; i < globalOptions.appendKey.length; i++) {","          appendKey = appendKey[globalOptions.appendKey[i]]","        }","        key += '$$appendKey=' + appendKey","      }","","      // attempt cache hit","      var redis = globalOptions.redisClient","      var cached = !redis ? memCache.getValue(key) : null","","      // send if cache hit from memory-cache","      if (cached) {","        var elapsed = new Date() - req.apicacheTimer","        debug('sending cached (memory-cache) version of', key, logDuration(elapsed))","","        return sendCachedResponse(res, cached)","      }","","      // send if cache hit from redis","      if (redis) {","        redis.hgetall(key, function (err, obj) {","          if (!err && obj) {","            var elapsed = new Date() - req.apicacheTimer","            debug('sending cached (redis) version of', key, logDuration(elapsed))","","            return sendCachedResponse(res, JSON.parse(obj.response))","          } else {","            return makeResponseCacheable(req, res, next, key, duration, strDuration)","          }","        })","      } else {","        return makeResponseCacheable(req, res, next, key, duration, strDuration)","      }","    }","  }","","  this.options = function(options) {","    if (options) {","      Object.assign(globalOptions, options)","","      return this","    } else {","      return globalOptions","    }","  }","","  this.resetIndex = function() {","    index = {","      all: [],","      groups: {}","    }","  }","","  this.newInstance = function(config) {","    var instance = new ApiCache()","","    if (config) {","      instance.options(config)","    }","","    return instance","  }","","  this.clone = function() {","    return this.newInstance(this.options())","  }","","  // initialize index","  this.resetIndex()","}","","module.exports = new ApiCache()",""],"l":{"1":1,"2":1,"3":1,"5":1,"15":1,"17":1,"18":0,"21":1,"22":0,"25":1,"26":0,"27":0,"30":1,"31":1,"33":1,"46":1,"47":1,"49":1,"50":1,"52":1,"53":0,"54":0,"56":0,"59":1,"60":0,"61":0,"63":0,"65":0,"66":0,"68":0,"71":1,"72":0,"74":0,"75":0,"76":0,"77":0,"80":0,"83":1,"84":0,"92":1,"93":0,"94":0,"95":0,"96":0,"97":0,"99":0,"103":0,"106":1,"107":0,"108":0,"109":0,"110":0,"111":0,"112":0,"113":0,"115":0,"117":0,"123":1,"125":0,"133":0,"136":0,"137":0,"138":0,"142":0,"143":0,"145":0,"147":0,"148":0,"149":0,"150":0,"153":0,"154":0,"158":0,"161":0,"165":1,"166":0,"167":0,"173":0,"174":0,"175":0,"178":0,"180":0,"183":1,"184":0,"185":0,"187":0,"188":0,"190":0,"191":0,"193":0,"194":0,"196":0,"198":0,"201":0,"202":0,"203":0,"206":0,"207":0,"209":0,"213":0,"216":0,"217":0,"220":0,"221":0,"225":0,"227":0,"228":0,"231":0,"232":0,"235":0,"238":0,"241":1,"242":0,"244":0,"245":0,"247":0,"248":0,"249":0,"250":0,"251":0,"254":0,"258":0,"261":1,"262":0,"263":0,"265":0,"269":1,"270":0,"272":0,"273":1,"274":0,"275":0,"279":0,"280":0,"281":0,"282":0,"283":0,"284":0,"288":0,"291":0,"294":0,"295":0,"298":0,"299":0,"301":0,"302":0,"304":0,"308":0,"309":0,"312":0,"313":0,"314":0,"316":0,"320":0,"321":0,"322":0,"323":0,"324":0,"326":0,"328":0,"332":0,"337":1,"338":0,"339":0,"341":0,"343":0,"347":1,"348":1,"354":1,"355":0,"357":0,"358":0,"361":0,"364":1,"365":0,"369":1,"372":1}},"/home/travis/build/npmtest/node-npmtest-apicache/node_modules/apicache/src/memory-cache.js":{"path":"/home/travis/build/npmtest/node-npmtest-apicache/node_modules/apicache/src/memory-cache.js","s":{"1":1,"2":1,"3":1,"4":1,"5":0,"6":0,"7":0,"8":0,"9":0,"10":0,"11":0,"12":0,"13":0,"14":0,"15":1,"16":0,"17":0,"18":0,"19":0,"20":0,"21":0,"22":1,"23":0,"24":0,"25":0,"26":0,"27":1,"28":0,"29":0,"30":1,"31":0,"32":0,"33":0,"34":1},"b":{"1":[0,0],"2":[0,0,0],"3":[0,0],"4":[0,0],"5":[0,0],"6":[0,0]},"f":{"1":1,"2":0,"3":0,"4":0,"5":0,"6":0,"7":0,"8":0},"fnMap":{"1":{"name":"MemoryCache","line":1,"loc":{"start":{"line":1,"column":0},"end":{"line":1,"column":23}}},"2":{"name":"(anonymous_2)","line":6,"loc":{"start":{"line":6,"column":28},"end":{"line":6,"column":72}}},"3":{"name":"(anonymous_3)","line":17,"loc":{"start":{"line":17,"column":22},"end":{"line":17,"column":33}}},"4":{"name":"(anonymous_4)","line":29,"loc":{"start":{"line":29,"column":31},"end":{"line":29,"column":45}}},"5":{"name":"(anonymous_5)","line":43,"loc":{"start":{"line":43,"column":28},"end":{"line":43,"column":42}}},"6":{"name":"(anonymous_6)","line":53,"loc":{"start":{"line":53,"column":33},"end":{"line":53,"column":47}}},"7":{"name":"(anonymous_7)","line":59,"loc":{"start":{"line":59,"column":30},"end":{"line":59,"column":41}}},"8":{"name":"(anonymous_8)","line":60,"loc":{"start":{"line":60,"column":33},"end":{"line":60,"column":47}}}},"statementMap":{"1":{"start":{"line":1,"column":0},"end":{"line":4,"column":1}},"2":{"start":{"line":2,"column":1},"end":{"line":2,"column":16}},"3":{"start":{"line":3,"column":1},"end":{"line":3,"column":14}},"4":{"start":{"line":6,"column":0},"end":{"line":27,"column":1}},"5":{"start":{"line":7,"column":1},"end":{"line":7,"column":26}},"6":{"start":{"line":8,"column":1},"end":{"line":8,"column":20}},"7":{"start":{"line":10,"column":1},"end":{"line":12,"column":2}},"8":{"start":{"line":11,"column":2},"end":{"line":11,"column":27}},"9":{"start":{"line":14,"column":1},"end":{"line":21,"column":2}},"10":{"start":{"line":18,"column":3},"end":{"line":18,"column":23}},"11":{"start":{"line":19,"column":3},"end":{"line":19,"column":97}},"12":{"start":{"line":23,"column":1},"end":{"line":23,"column":24}},"13":{"start":{"line":24,"column":1},"end":{"line":24,"column":43}},"14":{"start":{"line":26,"column":1},"end":{"line":26,"column":13}},"15":{"start":{"line":29,"column":0},"end":{"line":41,"column":1}},"16":{"start":{"line":30,"column":1},"end":{"line":30,"column":28}},"17":{"start":{"line":32,"column":1},"end":{"line":34,"column":2}},"18":{"start":{"line":33,"column":2},"end":{"line":33,"column":29}},"19":{"start":{"line":36,"column":1},"end":{"line":36,"column":23}},"20":{"start":{"line":38,"column":1},"end":{"line":38,"column":43}},"21":{"start":{"line":40,"column":1},"end":{"line":40,"column":12}},"22":{"start":{"line":43,"column":0},"end":{"line":51,"column":1}},"23":{"start":{"line":44,"column":1},"end":{"line":44,"column":28}},"24":{"start":{"line":46,"column":1},"end":{"line":48,"column":2}},"25":{"start":{"line":47,"column":2},"end":{"line":47,"column":25}},"26":{"start":{"line":50,"column":1},"end":{"line":50,"column":13}},"27":{"start":{"line":53,"column":0},"end":{"line":57,"column":1}},"28":{"start":{"line":54,"column":1},"end":{"line":54,"column":26}},"29":{"start":{"line":56,"column":1},"end":{"line":56,"column":28}},"30":{"start":{"line":59,"column":0},"end":{"line":65,"column":1}},"31":{"start":{"line":60,"column":1},"end":{"line":62,"column":9}},"32":{"start":{"line":61,"column":2},"end":{"line":61,"column":18}},"33":{"start":{"line":64,"column":1},"end":{"line":64,"column":12}},"34":{"start":{"line":67,"column":0},"end":{"line":67,"column":28}}},"branchMap":{"1":{"line":10,"type":"if","locations":[{"start":{"line":10,"column":1},"end":{"line":10,"column":1}},{"start":{"line":10,"column":1},"end":{"line":10,"column":1}}]},"2":{"line":19,"type":"binary-expr","locations":[{"start":{"line":19,"column":10},"end":{"line":19,"column":25}},{"start":{"line":19,"column":29},"end":{"line":19,"column":66}},{"start":{"line":19,"column":70},"end":{"line":19,"column":97}}]},"3":{"line":32,"type":"if","locations":[{"start":{"line":32,"column":1},"end":{"line":32,"column":1}},{"start":{"line":32,"column":1},"end":{"line":32,"column":1}}]},"4":{"line":46,"type":"if","locations":[{"start":{"line":46,"column":1},"end":{"line":46,"column":1}},{"start":{"line":46,"column":1},"end":{"line":46,"column":1}}]},"5":{"line":46,"type":"binary-expr","locations":[{"start":{"line":46,"column":5},"end":{"line":46,"column":10}},{"start":{"line":46,"column":14},"end":{"line":46,"column":39}}]},"6":{"line":56,"type":"binary-expr","locations":[{"start":{"line":56,"column":8},"end":{"line":56,"column":13}},{"start":{"line":56,"column":17},"end":{"line":56,"column":28}}]}},"code":["function MemoryCache() {","\tthis.cache = {}","\tthis.size = 0","}","","MemoryCache.prototype.add = function(key, value, time, timeoutCallback) {","\tvar old = this.cache[key]","\tvar instance = this","","\tif (old) {","\t\tclearTimeout(old.timeout)","\t}","","\tvar entry = {","\t\tvalue: value,","\t\texpire: time + Date.now(),","\t\ttimeout: setTimeout(function() {","\t\t\tinstance.delete(key)","\t\t\treturn timeoutCallback && typeof timeoutCallback === 'function' && timeoutCallback(value, key)","\t\t}, time)","\t}","","\tthis.cache[key] = entry","\tthis.size = Object.keys(this.cache).length","","\treturn entry","}","","MemoryCache.prototype.delete = function(key) {","\tvar entry = this.cache[key]","","\tif (entry) {","\t\tclearTimeout(entry.timeout)","\t}","","\tdelete this.cache[key]","","\tthis.size = Object.keys(this.cache).length","","\treturn null","}","","MemoryCache.prototype.get = function(key) {","\tvar entry = this.cache[key]","","\tif (entry && entry.expire < Date.now()) {","\t\treturn this.delete(key)","\t}","","\treturn entry","}","","MemoryCache.prototype.getValue = function(key) {","\tvar entry = this.get(key)","","\treturn entry && entry.value","}","","MemoryCache.prototype.clear = function() {","\tObject.keys(this.cache).forEach(function(key) {","\t\tthis.delete(key)","\t}, this)","","\treturn true","}","","module.exports = MemoryCache",""],"l":{"1":1,"2":1,"3":1,"6":1,"7":0,"8":0,"10":0,"11":0,"14":0,"18":0,"19":0,"23":0,"24":0,"26":0,"29":1,"30":0,"32":0,"33":0,"36":0,"38":0,"40":0,"43":1,"44":0,"46":0,"47":0,"50":0,"53":1,"54":0,"56":0,"59":1,"60":0,"61":0,"64":0,"67":1}}}